{"/home/dwaesnigk/git-repos/gremia-sbv/services/activityReportService.ts": {"path":"/home/dwaesnigk/git-repos/gremia-sbv/services/activityReportService.ts","all":false,"statementMap":{"19":{"start":{"line":20,"column":0},"end":{"line":20,"column":107}},"20":{"start":{"line":21,"column":0},"end":{"line":21,"column":44}},"21":{"start":{"line":22,"column":0},"end":{"line":22,"column":34}},"22":{"start":{"line":23,"column":0},"end":{"line":23,"column":52}},"23":{"start":{"line":24,"column":0},"end":{"line":24,"column":45}},"24":{"start":{"line":25,"column":0},"end":{"line":25,"column":3}},"25":{"start":{"line":26,"column":0},"end":{"line":26,"column":16}},"26":{"start":{"line":27,"column":0},"end":{"line":27,"column":1}},"28":{"start":{"line":29,"column":0},"end":{"line":29,"column":81}},"29":{"start":{"line":30,"column":0},"end":{"line":30,"column":83}},"30":{"start":{"line":31,"column":0},"end":{"line":31,"column":82}},"31":{"start":{"line":32,"column":0},"end":{"line":32,"column":134}},"32":{"start":{"line":33,"column":0},"end":{"line":33,"column":1}},"34":{"start":{"line":35,"column":0},"end":{"line":35,"column":54}},"35":{"start":{"line":36,"column":0},"end":{"line":36,"column":124}},"36":{"start":{"line":37,"column":0},"end":{"line":37,"column":1}},"38":{"start":{"line":39,"column":0},"end":{"line":39,"column":52}},"39":{"start":{"line":40,"column":0},"end":{"line":40,"column":157}},"40":{"start":{"line":41,"column":0},"end":{"line":41,"column":1}},"42":{"start":{"line":43,"column":0},"end":{"line":43,"column":88}},"43":{"start":{"line":44,"column":0},"end":{"line":44,"column":68}},"44":{"start":{"line":45,"column":0},"end":{"line":45,"column":63}},"46":{"start":{"line":47,"column":0},"end":{"line":47,"column":58}},"47":{"start":{"line":48,"column":0},"end":{"line":48,"column":72}},"48":{"start":{"line":49,"column":0},"end":{"line":49,"column":58}},"49":{"start":{"line":50,"column":0},"end":{"line":50,"column":87}},"50":{"start":{"line":51,"column":0},"end":{"line":51,"column":74}},"52":{"start":{"line":53,"column":0},"end":{"line":53,"column":26}},"54":{"start":{"line":55,"column":0},"end":{"line":55,"column":122}},"64":{"start":{"line":65,"column":0},"end":{"line":65,"column":37}},"65":{"start":{"line":66,"column":0},"end":{"line":66,"column":39}},"66":{"start":{"line":67,"column":0},"end":{"line":67,"column":71}},"67":{"start":{"line":68,"column":0},"end":{"line":68,"column":59}},"68":{"start":{"line":69,"column":0},"end":{"line":69,"column":62}},"69":{"start":{"line":70,"column":0},"end":{"line":70,"column":48}},"70":{"start":{"line":71,"column":0},"end":{"line":71,"column":73}},"71":{"start":{"line":72,"column":0},"end":{"line":72,"column":63}},"73":{"start":{"line":74,"column":0},"end":{"line":74,"column":62}},"75":{"start":{"line":76,"column":0},"end":{"line":76,"column":62}},"77":{"start":{"line":78,"column":0},"end":{"line":78,"column":48}},"79":{"start":{"line":80,"column":0},"end":{"line":80,"column":74}},"81":{"start":{"line":82,"column":0},"end":{"line":82,"column":73}},"104":{"start":{"line":105,"column":0},"end":{"line":105,"column":10}},"105":{"start":{"line":106,"column":0},"end":{"line":106,"column":10}},"106":{"start":{"line":107,"column":0},"end":{"line":107,"column":77}},"107":{"start":{"line":108,"column":0},"end":{"line":108,"column":9}},"108":{"start":{"line":109,"column":0},"end":{"line":109,"column":15}},"109":{"start":{"line":110,"column":0},"end":{"line":110,"column":4}},"110":{"start":{"line":111,"column":0},"end":{"line":111,"column":1}},"112":{"start":{"line":113,"column":0},"end":{"line":113,"column":83}},"113":{"start":{"line":114,"column":0},"end":{"line":114,"column":21}},"114":{"start":{"line":115,"column":0},"end":{"line":115,"column":27}},"115":{"start":{"line":116,"column":0},"end":{"line":116,"column":29}},"116":{"start":{"line":117,"column":0},"end":{"line":117,"column":27}},"117":{"start":{"line":118,"column":0},"end":{"line":118,"column":26}},"118":{"start":{"line":119,"column":0},"end":{"line":119,"column":23}},"119":{"start":{"line":120,"column":0},"end":{"line":120,"column":18}},"120":{"start":{"line":121,"column":0},"end":{"line":121,"column":4}},"121":{"start":{"line":122,"column":0},"end":{"line":122,"column":58}},"122":{"start":{"line":123,"column":0},"end":{"line":123,"column":1}}},"s":{"19":10,"20":10,"21":10,"22":7,"23":7,"24":7,"25":10,"26":10,"28":10,"29":10,"30":10,"31":5,"32":5,"34":2,"35":2,"36":2,"38":2,"39":2,"40":2,"42":1,"43":2,"44":2,"46":2,"47":2,"48":2,"49":2,"50":2,"52":2,"54":2,"64":2,"65":2,"66":2,"67":2,"68":2,"69":2,"70":2,"71":2,"73":2,"75":2,"77":2,"79":2,"81":2,"104":2,"105":2,"106":2,"107":2,"108":2,"109":2,"110":2,"112":1,"113":4,"114":4,"115":4,"116":4,"117":4,"118":4,"119":4,"120":4,"121":4,"122":4},"branchMap":{"0":{"type":"branch","line":20,"loc":{"start":{"line":20,"column":0},"end":{"line":27,"column":1}},"locations":[{"start":{"line":20,"column":0},"end":{"line":27,"column":1}}]},"1":{"type":"branch","line":22,"loc":{"start":{"line":22,"column":33},"end":{"line":25,"column":3}},"locations":[{"start":{"line":22,"column":33},"end":{"line":25,"column":3}}]},"2":{"type":"branch","line":23,"loc":{"start":{"line":23,"column":34},"end":{"line":23,"column":50}},"locations":[{"start":{"line":23,"column":34},"end":{"line":23,"column":50}}]},"3":{"type":"branch","line":24,"loc":{"start":{"line":24,"column":33},"end":{"line":24,"column":43}},"locations":[{"start":{"line":24,"column":33},"end":{"line":24,"column":43}}]},"4":{"type":"branch","line":29,"loc":{"start":{"line":29,"column":0},"end":{"line":33,"column":1}},"locations":[{"start":{"line":29,"column":0},"end":{"line":33,"column":1}}]},"5":{"type":"branch","line":31,"loc":{"start":{"line":31,"column":20},"end":{"line":33,"column":1}},"locations":[{"start":{"line":31,"column":20},"end":{"line":33,"column":1}}]},"6":{"type":"branch","line":30,"loc":{"start":{"line":30,"column":43},"end":{"line":30,"column":81}},"locations":[{"start":{"line":30,"column":43},"end":{"line":30,"column":81}}]},"7":{"type":"branch","line":32,"loc":{"start":{"line":32,"column":72},"end":{"line":32,"column":117}},"locations":[{"start":{"line":32,"column":72},"end":{"line":32,"column":117}}]},"8":{"type":"branch","line":35,"loc":{"start":{"line":35,"column":0},"end":{"line":37,"column":1}},"locations":[{"start":{"line":35,"column":0},"end":{"line":37,"column":1}}]},"9":{"type":"branch","line":36,"loc":{"start":{"line":36,"column":21},"end":{"line":36,"column":115}},"locations":[{"start":{"line":36,"column":21},"end":{"line":36,"column":115}}]},"10":{"type":"branch","line":36,"loc":{"start":{"line":36,"column":51},"end":{"line":36,"column":90}},"locations":[{"start":{"line":36,"column":51},"end":{"line":36,"column":90}}]},"11":{"type":"branch","line":36,"loc":{"start":{"line":36,"column":77},"end":{"line":36,"column":115}},"locations":[{"start":{"line":36,"column":77},"end":{"line":36,"column":115}}]},"12":{"type":"branch","line":39,"loc":{"start":{"line":39,"column":0},"end":{"line":41,"column":1}},"locations":[{"start":{"line":39,"column":0},"end":{"line":41,"column":1}}]},"13":{"type":"branch","line":40,"loc":{"start":{"line":40,"column":21},"end":{"line":40,"column":148}},"locations":[{"start":{"line":40,"column":21},"end":{"line":40,"column":148}}]},"14":{"type":"branch","line":40,"loc":{"start":{"line":40,"column":70},"end":{"line":40,"column":125}},"locations":[{"start":{"line":40,"column":70},"end":{"line":40,"column":125}}]},"15":{"type":"branch","line":40,"loc":{"start":{"line":40,"column":120},"end":{"line":40,"column":148}},"locations":[{"start":{"line":40,"column":120},"end":{"line":40,"column":148}}]},"16":{"type":"branch","line":43,"loc":{"start":{"line":43,"column":7},"end":{"line":111,"column":1}},"locations":[{"start":{"line":43,"column":7},"end":{"line":111,"column":1}}]},"17":{"type":"branch","line":44,"loc":{"start":{"line":44,"column":28},"end":{"line":44,"column":68}},"locations":[{"start":{"line":44,"column":28},"end":{"line":44,"column":68}}]},"18":{"type":"branch","line":113,"loc":{"start":{"line":113,"column":7},"end":{"line":123,"column":1}},"locations":[{"start":{"line":113,"column":7},"end":{"line":123,"column":1}}]},"19":{"type":"branch","line":122,"loc":{"start":{"line":122,"column":25},"end":{"line":122,"column":56}},"locations":[{"start":{"line":122,"column":25},"end":{"line":122,"column":56}}]}},"b":{"0":[10],"1":[7],"2":[0],"3":[6],"4":[10],"5":[5],"6":[1],"7":[6],"8":[2],"9":[3],"10":[2],"11":[2],"12":[2],"13":[3],"14":[1],"15":[1],"16":[2],"17":[0],"18":[4],"19":[18]},"fnMap":{"0":{"name":"countBy","decl":{"start":{"line":20,"column":0},"end":{"line":27,"column":1}},"loc":{"start":{"line":20,"column":0},"end":{"line":27,"column":1}},"line":20},"1":{"name":"tableFromCounts","decl":{"start":{"line":29,"column":0},"end":{"line":33,"column":1}},"loc":{"start":{"line":29,"column":0},"end":{"line":33,"column":1}},"line":29},"2":{"name":"totalOpenDeadlines","decl":{"start":{"line":35,"column":0},"end":{"line":37,"column":1}},"loc":{"start":{"line":35,"column":0},"end":{"line":37,"column":1}},"line":35},"3":{"name":"overdueDeadlines","decl":{"start":{"line":39,"column":0},"end":{"line":41,"column":1}},"loc":{"start":{"line":39,"column":0},"end":{"line":41,"column":1}},"line":39},"4":{"name":"renderActivityReport","decl":{"start":{"line":43,"column":7},"end":{"line":111,"column":1}},"loc":{"start":{"line":43,"column":7},"end":{"line":111,"column":1}},"line":43},"5":{"name":"assertActivityReportHasNoSensitiveFreeText","decl":{"start":{"line":113,"column":7},"end":{"line":123,"column":1}},"loc":{"start":{"line":113,"column":7},"end":{"line":123,"column":1}},"line":113}},"f":{"0":10,"1":10,"2":2,"3":2,"4":2,"5":4}}
,"/home/dwaesnigk/git-repos/gremia-sbv/services/backupPolicy.ts": {"path":"/home/dwaesnigk/git-repos/gremia-sbv/services/backupPolicy.ts","all":false,"statementMap":{"0":{"start":{"line":1,"column":0},"end":{"line":1,"column":41}},"4":{"start":{"line":5,"column":0},"end":{"line":5,"column":114}},"18":{"start":{"line":19,"column":0},"end":{"line":19,"column":64}},"19":{"start":{"line":20,"column":0},"end":{"line":20,"column":60}},"20":{"start":{"line":21,"column":0},"end":{"line":21,"column":1}},"22":{"start":{"line":23,"column":0},"end":{"line":23,"column":73}},"23":{"start":{"line":24,"column":0},"end":{"line":24,"column":56}},"24":{"start":{"line":25,"column":0},"end":{"line":25,"column":61}},"25":{"start":{"line":26,"column":0},"end":{"line":26,"column":111}},"26":{"start":{"line":27,"column":0},"end":{"line":27,"column":47}},"27":{"start":{"line":28,"column":0},"end":{"line":28,"column":1}},"29":{"start":{"line":30,"column":0},"end":{"line":30,"column":110}},"30":{"start":{"line":31,"column":0},"end":{"line":31,"column":30}},"31":{"start":{"line":32,"column":0},"end":{"line":32,"column":32}},"32":{"start":{"line":33,"column":0},"end":{"line":33,"column":33}},"34":{"start":{"line":35,"column":0},"end":{"line":35,"column":29}},"35":{"start":{"line":36,"column":0},"end":{"line":36,"column":63}},"36":{"start":{"line":37,"column":0},"end":{"line":37,"column":48}},"37":{"start":{"line":38,"column":0},"end":{"line":38,"column":91}},"38":{"start":{"line":39,"column":0},"end":{"line":39,"column":15}},"39":{"start":{"line":40,"column":0},"end":{"line":40,"column":5}},"40":{"start":{"line":41,"column":0},"end":{"line":41,"column":93}},"41":{"start":{"line":42,"column":0},"end":{"line":42,"column":25}},"42":{"start":{"line":43,"column":0},"end":{"line":43,"column":120}},"43":{"start":{"line":44,"column":0},"end":{"line":44,"column":115}},"44":{"start":{"line":45,"column":0},"end":{"line":45,"column":3}},"46":{"start":{"line":47,"column":0},"end":{"line":47,"column":49}},"47":{"start":{"line":48,"column":0},"end":{"line":48,"column":86}},"48":{"start":{"line":49,"column":0},"end":{"line":49,"column":3}},"50":{"start":{"line":51,"column":0},"end":{"line":51,"column":96}},"51":{"start":{"line":52,"column":0},"end":{"line":52,"column":105}},"52":{"start":{"line":53,"column":0},"end":{"line":53,"column":3}},"54":{"start":{"line":55,"column":0},"end":{"line":55,"column":55}},"55":{"start":{"line":56,"column":0},"end":{"line":56,"column":1}}},"s":{"0":1,"4":1,"18":1,"19":1,"20":1,"22":1,"23":18,"24":18,"25":18,"26":15,"27":15,"29":1,"30":3,"31":3,"32":3,"34":3,"35":11,"36":11,"37":1,"38":1,"39":1,"40":11,"41":10,"42":11,"43":11,"44":11,"46":3,"47":9,"48":9,"50":3,"51":2,"52":2,"54":3,"55":3},"branchMap":{"0":{"type":"branch","line":19,"loc":{"start":{"line":19,"column":7},"end":{"line":21,"column":1}},"locations":[{"start":{"line":19,"column":7},"end":{"line":21,"column":1}}]},"1":{"type":"branch","line":23,"loc":{"start":{"line":23,"column":7},"end":{"line":28,"column":1}},"locations":[{"start":{"line":23,"column":7},"end":{"line":28,"column":1}}]},"2":{"type":"branch","line":25,"loc":{"start":{"line":25,"column":48},"end":{"line":25,"column":61}},"locations":[{"start":{"line":25,"column":48},"end":{"line":25,"column":61}}]},"3":{"type":"branch","line":26,"loc":{"start":{"line":26,"column":32},"end":{"line":26,"column":69}},"locations":[{"start":{"line":26,"column":32},"end":{"line":26,"column":69}}]},"4":{"type":"branch","line":26,"loc":{"start":{"line":26,"column":64},"end":{"line":26,"column":98}},"locations":[{"start":{"line":26,"column":64},"end":{"line":26,"column":98}}]},"5":{"type":"branch","line":26,"loc":{"start":{"line":26,"column":98},"end":{"line":26,"column":111}},"locations":[{"start":{"line":26,"column":98},"end":{"line":26,"column":111}}]},"6":{"type":"branch","line":26,"loc":{"start":{"line":26,"column":105},"end":{"line":28,"column":1}},"locations":[{"start":{"line":26,"column":105},"end":{"line":28,"column":1}}]},"7":{"type":"branch","line":30,"loc":{"start":{"line":30,"column":7},"end":{"line":56,"column":1}},"locations":[{"start":{"line":30,"column":7},"end":{"line":56,"column":1}}]},"8":{"type":"branch","line":35,"loc":{"start":{"line":35,"column":28},"end":{"line":45,"column":3}},"locations":[{"start":{"line":35,"column":28},"end":{"line":45,"column":3}}]},"9":{"type":"branch","line":37,"loc":{"start":{"line":37,"column":47},"end":{"line":40,"column":5}},"locations":[{"start":{"line":37,"column":47},"end":{"line":40,"column":5}}]},"10":{"type":"branch","line":40,"loc":{"start":{"line":40,"column":4},"end":{"line":41,"column":37}},"locations":[{"start":{"line":40,"column":4},"end":{"line":41,"column":37}}]},"11":{"type":"branch","line":41,"loc":{"start":{"line":41,"column":30},"end":{"line":41,"column":93}},"locations":[{"start":{"line":41,"column":30},"end":{"line":41,"column":93}}]},"12":{"type":"branch","line":41,"loc":{"start":{"line":41,"column":91},"end":{"line":43,"column":62}},"locations":[{"start":{"line":41,"column":91},"end":{"line":43,"column":62}}]},"13":{"type":"branch","line":43,"loc":{"start":{"line":43,"column":62},"end":{"line":43,"column":120}},"locations":[{"start":{"line":43,"column":62},"end":{"line":43,"column":120}}]},"14":{"type":"branch","line":43,"loc":{"start":{"line":43,"column":118},"end":{"line":44,"column":64}},"locations":[{"start":{"line":43,"column":118},"end":{"line":44,"column":64}}]},"15":{"type":"branch","line":44,"loc":{"start":{"line":44,"column":64},"end":{"line":44,"column":115}},"locations":[{"start":{"line":44,"column":64},"end":{"line":44,"column":115}}]},"16":{"type":"branch","line":47,"loc":{"start":{"line":47,"column":48},"end":{"line":49,"column":3}},"locations":[{"start":{"line":47,"column":48},"end":{"line":49,"column":3}}]},"17":{"type":"branch","line":48,"loc":{"start":{"line":48,"column":29},"end":{"line":48,"column":86}},"locations":[{"start":{"line":48,"column":29},"end":{"line":48,"column":86}}]},"18":{"type":"branch","line":51,"loc":{"start":{"line":51,"column":95},"end":{"line":53,"column":3}},"locations":[{"start":{"line":51,"column":95},"end":{"line":53,"column":3}}]},"19":{"type":"branch","line":51,"loc":{"start":{"line":51,"column":18},"end":{"line":51,"column":92}},"locations":[{"start":{"line":51,"column":18},"end":{"line":51,"column":92}}]}},"b":{"0":[1],"1":[18],"2":[0],"3":[17],"4":[15],"5":[3],"6":[15],"7":[3],"8":[11],"9":[1],"10":[10],"11":[1],"12":[10],"13":[0],"14":[10],"15":[0],"16":[9],"17":[1],"18":[2],"19":[11]},"fnMap":{"0":{"name":"backupSha256","decl":{"start":{"line":19,"column":7},"end":{"line":21,"column":1}},"loc":{"start":{"line":19,"column":7},"end":{"line":21,"column":1}},"line":19},"1":{"name":"isSafeBackupRelativePath","decl":{"start":{"line":23,"column":7},"end":{"line":28,"column":1}},"loc":{"start":{"line":23,"column":7},"end":{"line":28,"column":1}},"line":23},"2":{"name":"validateBackupManifestFiles","decl":{"start":{"line":30,"column":7},"end":{"line":56,"column":1}},"loc":{"start":{"line":30,"column":7},"end":{"line":56,"column":1}},"line":30}},"f":{"0":1,"1":18,"2":3}}
,"/home/dwaesnigk/git-repos/gremia-sbv/services/backupService.ts": {"path":"/home/dwaesnigk/git-repos/gremia-sbv/services/backupService.ts","all":false,"statementMap":{"0":{"start":{"line":1,"column":0},"end":{"line":1,"column":120}},"9":{"start":{"line":10,"column":0},"end":{"line":10,"column":52}},"10":{"start":{"line":11,"column":0},"end":{"line":11,"column":25}},"11":{"start":{"line":12,"column":0},"end":{"line":12,"column":55}},"12":{"start":{"line":13,"column":0},"end":{"line":13,"column":40}},"21":{"start":{"line":22,"column":0},"end":{"line":22,"column":61}},"22":{"start":{"line":23,"column":0},"end":{"line":23,"column":11}},"23":{"start":{"line":24,"column":0},"end":{"line":24,"column":7}},"24":{"start":{"line":25,"column":0},"end":{"line":25,"column":7}},"25":{"start":{"line":26,"column":0},"end":{"line":26,"column":26}},"26":{"start":{"line":27,"column":0},"end":{"line":27,"column":2}},"28":{"start":{"line":29,"column":0},"end":{"line":29,"column":62}},"29":{"start":{"line":30,"column":0},"end":{"line":30,"column":12}},"30":{"start":{"line":31,"column":0},"end":{"line":31,"column":7}},"31":{"start":{"line":32,"column":0},"end":{"line":32,"column":7}},"32":{"start":{"line":33,"column":0},"end":{"line":33,"column":27}},"33":{"start":{"line":34,"column":0},"end":{"line":34,"column":2}},"63":{"start":{"line":64,"column":0},"end":{"line":64,"column":53}},"64":{"start":{"line":65,"column":0},"end":{"line":65,"column":72}},"65":{"start":{"line":66,"column":0},"end":{"line":66,"column":112}},"66":{"start":{"line":67,"column":0},"end":{"line":67,"column":3}},"67":{"start":{"line":68,"column":0},"end":{"line":68,"column":1}},"69":{"start":{"line":70,"column":0},"end":{"line":70,"column":78}},"70":{"start":{"line":71,"column":0},"end":{"line":71,"column":47}},"71":{"start":{"line":72,"column":0},"end":{"line":72,"column":1}},"73":{"start":{"line":74,"column":0},"end":{"line":74,"column":51}},"74":{"start":{"line":75,"column":0},"end":{"line":75,"column":22}},"75":{"start":{"line":76,"column":0},"end":{"line":76,"column":7}},"76":{"start":{"line":77,"column":0},"end":{"line":77,"column":19}},"77":{"start":{"line":78,"column":0},"end":{"line":78,"column":11}},"79":{"start":{"line":80,"column":0},"end":{"line":80,"column":3}},"80":{"start":{"line":81,"column":0},"end":{"line":81,"column":1}},"82":{"start":{"line":83,"column":0},"end":{"line":83,"column":97}},"83":{"start":{"line":84,"column":0},"end":{"line":84,"column":43}},"84":{"start":{"line":85,"column":0},"end":{"line":85,"column":7}},"85":{"start":{"line":86,"column":0},"end":{"line":86,"column":104}},"86":{"start":{"line":87,"column":0},"end":{"line":87,"column":13}},"87":{"start":{"line":88,"column":0},"end":{"line":88,"column":28}},"88":{"start":{"line":89,"column":0},"end":{"line":89,"column":3}},"89":{"start":{"line":90,"column":0},"end":{"line":90,"column":1}},"91":{"start":{"line":92,"column":0},"end":{"line":92,"column":41}},"92":{"start":{"line":93,"column":0},"end":{"line":93,"column":59}},"93":{"start":{"line":94,"column":0},"end":{"line":94,"column":1}},"95":{"start":{"line":96,"column":0},"end":{"line":96,"column":56}},"96":{"start":{"line":97,"column":0},"end":{"line":97,"column":97}},"97":{"start":{"line":98,"column":0},"end":{"line":98,"column":1}},"99":{"start":{"line":100,"column":0},"end":{"line":100,"column":63}},"100":{"start":{"line":101,"column":0},"end":{"line":101,"column":53}},"101":{"start":{"line":102,"column":0},"end":{"line":102,"column":43}},"103":{"start":{"line":104,"column":0},"end":{"line":104,"column":30}},"104":{"start":{"line":105,"column":0},"end":{"line":105,"column":75}},"105":{"start":{"line":106,"column":0},"end":{"line":106,"column":61}},"106":{"start":{"line":107,"column":0},"end":{"line":107,"column":62}},"108":{"start":{"line":109,"column":0},"end":{"line":109,"column":30}},"109":{"start":{"line":110,"column":0},"end":{"line":110,"column":74}},"110":{"start":{"line":111,"column":0},"end":{"line":111,"column":82}},"111":{"start":{"line":112,"column":0},"end":{"line":112,"column":52}},"112":{"start":{"line":113,"column":0},"end":{"line":113,"column":15}},"113":{"start":{"line":114,"column":0},"end":{"line":114,"column":5}},"115":{"start":{"line":116,"column":0},"end":{"line":116,"column":34}},"116":{"start":{"line":117,"column":0},"end":{"line":117,"column":85}},"117":{"start":{"line":118,"column":0},"end":{"line":118,"column":28}},"118":{"start":{"line":119,"column":0},"end":{"line":119,"column":3}},"119":{"start":{"line":120,"column":0},"end":{"line":120,"column":51}},"120":{"start":{"line":121,"column":0},"end":{"line":121,"column":1}},"122":{"start":{"line":123,"column":0},"end":{"line":123,"column":75}},"123":{"start":{"line":124,"column":0},"end":{"line":124,"column":32}},"124":{"start":{"line":125,"column":0},"end":{"line":125,"column":120}},"125":{"start":{"line":126,"column":0},"end":{"line":126,"column":123}},"126":{"start":{"line":127,"column":0},"end":{"line":127,"column":69}},"127":{"start":{"line":128,"column":0},"end":{"line":128,"column":108}},"128":{"start":{"line":129,"column":0},"end":{"line":129,"column":3}},"129":{"start":{"line":130,"column":0},"end":{"line":130,"column":71}},"130":{"start":{"line":131,"column":0},"end":{"line":131,"column":107}},"131":{"start":{"line":132,"column":0},"end":{"line":132,"column":3}},"132":{"start":{"line":133,"column":0},"end":{"line":133,"column":18}},"133":{"start":{"line":134,"column":0},"end":{"line":134,"column":1}},"135":{"start":{"line":136,"column":0},"end":{"line":136,"column":75}},"136":{"start":{"line":137,"column":0},"end":{"line":137,"column":87}},"137":{"start":{"line":138,"column":0},"end":{"line":138,"column":189}},"138":{"start":{"line":139,"column":0},"end":{"line":139,"column":19}},"139":{"start":{"line":140,"column":0},"end":{"line":140,"column":1}},"141":{"start":{"line":142,"column":0},"end":{"line":142,"column":75}},"142":{"start":{"line":143,"column":0},"end":{"line":143,"column":7}},"143":{"start":{"line":144,"column":0},"end":{"line":144,"column":44}},"144":{"start":{"line":145,"column":0},"end":{"line":145,"column":123}},"145":{"start":{"line":146,"column":0},"end":{"line":146,"column":37}},"146":{"start":{"line":147,"column":0},"end":{"line":147,"column":136}},"147":{"start":{"line":148,"column":0},"end":{"line":148,"column":28}},"148":{"start":{"line":149,"column":0},"end":{"line":149,"column":11}},"149":{"start":{"line":150,"column":0},"end":{"line":150,"column":21}},"150":{"start":{"line":151,"column":0},"end":{"line":151,"column":3}},"151":{"start":{"line":152,"column":0},"end":{"line":152,"column":1}},"153":{"start":{"line":154,"column":0},"end":{"line":154,"column":57}},"154":{"start":{"line":155,"column":0},"end":{"line":155,"column":118}},"155":{"start":{"line":156,"column":0},"end":{"line":156,"column":66}},"156":{"start":{"line":157,"column":0},"end":{"line":157,"column":3}},"157":{"start":{"line":158,"column":0},"end":{"line":158,"column":1}},"159":{"start":{"line":160,"column":0},"end":{"line":160,"column":28}},"160":{"start":{"line":161,"column":0},"end":{"line":161,"column":60}},"162":{"start":{"line":163,"column":0},"end":{"line":163,"column":83}},"163":{"start":{"line":164,"column":0},"end":{"line":164,"column":9}},"164":{"start":{"line":165,"column":0},"end":{"line":165,"column":35}},"165":{"start":{"line":166,"column":0},"end":{"line":166,"column":55}},"166":{"start":{"line":167,"column":0},"end":{"line":167,"column":67}},"168":{"start":{"line":169,"column":0},"end":{"line":169,"column":11}},"169":{"start":{"line":170,"column":0},"end":{"line":170,"column":77}},"170":{"start":{"line":171,"column":0},"end":{"line":171,"column":15}},"172":{"start":{"line":173,"column":0},"end":{"line":173,"column":7}},"174":{"start":{"line":175,"column":0},"end":{"line":175,"column":49}},"175":{"start":{"line":176,"column":0},"end":{"line":176,"column":81}},"176":{"start":{"line":177,"column":0},"end":{"line":177,"column":62}},"177":{"start":{"line":178,"column":0},"end":{"line":178,"column":51}},"178":{"start":{"line":179,"column":0},"end":{"line":179,"column":16}},"179":{"start":{"line":180,"column":0},"end":{"line":180,"column":23}},"180":{"start":{"line":181,"column":0},"end":{"line":181,"column":36}},"181":{"start":{"line":182,"column":0},"end":{"line":182,"column":34}},"182":{"start":{"line":183,"column":0},"end":{"line":183,"column":51}},"183":{"start":{"line":184,"column":0},"end":{"line":184,"column":10}},"184":{"start":{"line":185,"column":0},"end":{"line":185,"column":9}},"186":{"start":{"line":187,"column":0},"end":{"line":187,"column":38}},"187":{"start":{"line":188,"column":0},"end":{"line":188,"column":30}},"188":{"start":{"line":189,"column":0},"end":{"line":189,"column":32}},"189":{"start":{"line":190,"column":0},"end":{"line":190,"column":32}},"190":{"start":{"line":191,"column":0},"end":{"line":191,"column":18}},"191":{"start":{"line":192,"column":0},"end":{"line":192,"column":56}},"192":{"start":{"line":193,"column":0},"end":{"line":193,"column":13}},"193":{"start":{"line":194,"column":0},"end":{"line":194,"column":8}},"195":{"start":{"line":196,"column":0},"end":{"line":196,"column":83}},"196":{"start":{"line":197,"column":0},"end":{"line":197,"column":51}},"197":{"start":{"line":198,"column":0},"end":{"line":198,"column":33}},"198":{"start":{"line":199,"column":0},"end":{"line":199,"column":82}},"199":{"start":{"line":200,"column":0},"end":{"line":200,"column":60}},"200":{"start":{"line":201,"column":0},"end":{"line":201,"column":79}},"201":{"start":{"line":202,"column":0},"end":{"line":202,"column":87}},"203":{"start":{"line":204,"column":0},"end":{"line":204,"column":40}},"204":{"start":{"line":205,"column":0},"end":{"line":205,"column":30}},"205":{"start":{"line":206,"column":0},"end":{"line":206,"column":32}},"206":{"start":{"line":207,"column":0},"end":{"line":207,"column":33}},"207":{"start":{"line":208,"column":0},"end":{"line":208,"column":22}},"208":{"start":{"line":209,"column":0},"end":{"line":209,"column":48}},"209":{"start":{"line":210,"column":0},"end":{"line":210,"column":28}},"210":{"start":{"line":211,"column":0},"end":{"line":211,"column":18}},"211":{"start":{"line":212,"column":0},"end":{"line":212,"column":32}},"212":{"start":{"line":213,"column":0},"end":{"line":213,"column":13}},"213":{"start":{"line":214,"column":0},"end":{"line":214,"column":31}},"214":{"start":{"line":215,"column":0},"end":{"line":215,"column":49}},"215":{"start":{"line":216,"column":0},"end":{"line":216,"column":46}},"216":{"start":{"line":217,"column":0},"end":{"line":217,"column":8}},"218":{"start":{"line":219,"column":0},"end":{"line":219,"column":113}},"219":{"start":{"line":220,"column":0},"end":{"line":220,"column":29}},"221":{"start":{"line":222,"column":0},"end":{"line":222,"column":14}},"222":{"start":{"line":223,"column":0},"end":{"line":223,"column":17}},"223":{"start":{"line":224,"column":0},"end":{"line":224,"column":33}},"224":{"start":{"line":225,"column":0},"end":{"line":225,"column":48}},"225":{"start":{"line":226,"column":0},"end":{"line":226,"column":18}},"226":{"start":{"line":227,"column":0},"end":{"line":227,"column":32}},"227":{"start":{"line":228,"column":0},"end":{"line":228,"column":73}},"228":{"start":{"line":229,"column":0},"end":{"line":229,"column":51}},"229":{"start":{"line":230,"column":0},"end":{"line":230,"column":8}},"230":{"start":{"line":231,"column":0},"end":{"line":231,"column":21}},"231":{"start":{"line":232,"column":0},"end":{"line":232,"column":104}},"232":{"start":{"line":233,"column":0},"end":{"line":233,"column":5}},"233":{"start":{"line":234,"column":0},"end":{"line":234,"column":3}},"235":{"start":{"line":236,"column":0},"end":{"line":236,"column":79}},"236":{"start":{"line":237,"column":0},"end":{"line":237,"column":9}},"237":{"start":{"line":238,"column":0},"end":{"line":238,"column":67}},"238":{"start":{"line":239,"column":0},"end":{"line":239,"column":34}},"239":{"start":{"line":240,"column":0},"end":{"line":240,"column":14}},"240":{"start":{"line":241,"column":0},"end":{"line":241,"column":17}},"241":{"start":{"line":242,"column":0},"end":{"line":242,"column":17}},"242":{"start":{"line":243,"column":0},"end":{"line":243,"column":42}},"243":{"start":{"line":244,"column":0},"end":{"line":244,"column":45}},"244":{"start":{"line":245,"column":0},"end":{"line":245,"column":31}},"245":{"start":{"line":246,"column":0},"end":{"line":246,"column":39}},"246":{"start":{"line":247,"column":0},"end":{"line":247,"column":39}},"247":{"start":{"line":248,"column":0},"end":{"line":248,"column":45}},"248":{"start":{"line":249,"column":0},"end":{"line":249,"column":37}},"249":{"start":{"line":250,"column":0},"end":{"line":250,"column":40}},"250":{"start":{"line":251,"column":0},"end":{"line":251,"column":81}},"251":{"start":{"line":252,"column":0},"end":{"line":252,"column":93}},"252":{"start":{"line":253,"column":0},"end":{"line":253,"column":19}},"253":{"start":{"line":254,"column":0},"end":{"line":254,"column":55}},"254":{"start":{"line":255,"column":0},"end":{"line":255,"column":112}},"255":{"start":{"line":256,"column":0},"end":{"line":256,"column":9}},"256":{"start":{"line":257,"column":0},"end":{"line":257,"column":8}},"257":{"start":{"line":258,"column":0},"end":{"line":258,"column":21}},"258":{"start":{"line":259,"column":0},"end":{"line":259,"column":149}},"259":{"start":{"line":260,"column":0},"end":{"line":260,"column":5}},"260":{"start":{"line":261,"column":0},"end":{"line":261,"column":3}},"262":{"start":{"line":263,"column":0},"end":{"line":263,"column":100}},"263":{"start":{"line":264,"column":0},"end":{"line":264,"column":9}},"264":{"start":{"line":265,"column":0},"end":{"line":265,"column":50}},"265":{"start":{"line":266,"column":0},"end":{"line":266,"column":75}},"266":{"start":{"line":267,"column":0},"end":{"line":267,"column":7}},"268":{"start":{"line":269,"column":0},"end":{"line":269,"column":67}},"269":{"start":{"line":270,"column":0},"end":{"line":270,"column":34}},"271":{"start":{"line":272,"column":0},"end":{"line":272,"column":55}},"272":{"start":{"line":273,"column":0},"end":{"line":273,"column":46}},"273":{"start":{"line":274,"column":0},"end":{"line":274,"column":145}},"275":{"start":{"line":276,"column":0},"end":{"line":276,"column":27}},"276":{"start":{"line":277,"column":0},"end":{"line":277,"column":48}},"278":{"start":{"line":279,"column":0},"end":{"line":279,"column":32}},"279":{"start":{"line":280,"column":0},"end":{"line":280,"column":45}},"280":{"start":{"line":281,"column":0},"end":{"line":281,"column":7}},"281":{"start":{"line":282,"column":0},"end":{"line":282,"column":46}},"283":{"start":{"line":284,"column":0},"end":{"line":284,"column":11}},"284":{"start":{"line":285,"column":0},"end":{"line":285,"column":43}},"285":{"start":{"line":286,"column":0},"end":{"line":286,"column":48}},"286":{"start":{"line":287,"column":0},"end":{"line":287,"column":68}},"287":{"start":{"line":288,"column":0},"end":{"line":288,"column":85}},"288":{"start":{"line":289,"column":0},"end":{"line":289,"column":93}},"289":{"start":{"line":290,"column":0},"end":{"line":290,"column":11}},"290":{"start":{"line":291,"column":0},"end":{"line":291,"column":63}},"291":{"start":{"line":292,"column":0},"end":{"line":292,"column":63}},"292":{"start":{"line":293,"column":0},"end":{"line":293,"column":58}},"293":{"start":{"line":294,"column":0},"end":{"line":294,"column":9}},"294":{"start":{"line":295,"column":0},"end":{"line":295,"column":23}},"295":{"start":{"line":296,"column":0},"end":{"line":296,"column":58}},"296":{"start":{"line":297,"column":0},"end":{"line":297,"column":42}},"297":{"start":{"line":298,"column":0},"end":{"line":298,"column":47}},"298":{"start":{"line":299,"column":0},"end":{"line":299,"column":9}},"299":{"start":{"line":300,"column":0},"end":{"line":300,"column":20}},"300":{"start":{"line":301,"column":0},"end":{"line":301,"column":7}},"302":{"start":{"line":303,"column":0},"end":{"line":303,"column":64}},"303":{"start":{"line":304,"column":0},"end":{"line":304,"column":68}},"305":{"start":{"line":306,"column":0},"end":{"line":306,"column":14}},"306":{"start":{"line":307,"column":0},"end":{"line":307,"column":17}},"307":{"start":{"line":308,"column":0},"end":{"line":308,"column":45}},"308":{"start":{"line":309,"column":0},"end":{"line":309,"column":17}},"309":{"start":{"line":310,"column":0},"end":{"line":310,"column":42}},"310":{"start":{"line":311,"column":0},"end":{"line":311,"column":40}},"311":{"start":{"line":312,"column":0},"end":{"line":312,"column":81}},"312":{"start":{"line":313,"column":0},"end":{"line":313,"column":19}},"313":{"start":{"line":314,"column":0},"end":{"line":314,"column":81}},"314":{"start":{"line":315,"column":0},"end":{"line":315,"column":55}},"315":{"start":{"line":316,"column":0},"end":{"line":316,"column":112}},"316":{"start":{"line":317,"column":0},"end":{"line":317,"column":10}},"317":{"start":{"line":318,"column":0},"end":{"line":318,"column":29}},"318":{"start":{"line":319,"column":0},"end":{"line":319,"column":8}},"319":{"start":{"line":320,"column":0},"end":{"line":320,"column":21}},"320":{"start":{"line":321,"column":0},"end":{"line":321,"column":149}},"321":{"start":{"line":322,"column":0},"end":{"line":322,"column":5}},"322":{"start":{"line":323,"column":0},"end":{"line":323,"column":3}},"324":{"start":{"line":325,"column":0},"end":{"line":325,"column":31}},"325":{"start":{"line":326,"column":0},"end":{"line":326,"column":78}},"326":{"start":{"line":327,"column":0},"end":{"line":327,"column":47}},"327":{"start":{"line":328,"column":0},"end":{"line":328,"column":55}},"328":{"start":{"line":329,"column":0},"end":{"line":329,"column":3}},"330":{"start":{"line":331,"column":0},"end":{"line":331,"column":82}},"331":{"start":{"line":332,"column":0},"end":{"line":332,"column":33}},"332":{"start":{"line":333,"column":0},"end":{"line":333,"column":82}},"333":{"start":{"line":334,"column":0},"end":{"line":334,"column":123}},"334":{"start":{"line":335,"column":0},"end":{"line":335,"column":77}},"335":{"start":{"line":336,"column":0},"end":{"line":336,"column":5}},"337":{"start":{"line":338,"column":0},"end":{"line":338,"column":79}},"338":{"start":{"line":339,"column":0},"end":{"line":339,"column":91}},"339":{"start":{"line":340,"column":0},"end":{"line":340,"column":79}},"340":{"start":{"line":341,"column":0},"end":{"line":341,"column":58}},"341":{"start":{"line":342,"column":0},"end":{"line":342,"column":115}},"342":{"start":{"line":343,"column":0},"end":{"line":343,"column":89}},"343":{"start":{"line":344,"column":0},"end":{"line":344,"column":27}},"344":{"start":{"line":345,"column":0},"end":{"line":345,"column":19}},"345":{"start":{"line":346,"column":0},"end":{"line":346,"column":3}},"347":{"start":{"line":348,"column":0},"end":{"line":348,"column":55}},"348":{"start":{"line":349,"column":0},"end":{"line":349,"column":114}},"349":{"start":{"line":350,"column":0},"end":{"line":350,"column":59}},"350":{"start":{"line":351,"column":0},"end":{"line":351,"column":5}},"352":{"start":{"line":353,"column":0},"end":{"line":353,"column":35}},"353":{"start":{"line":354,"column":0},"end":{"line":354,"column":39}},"354":{"start":{"line":355,"column":0},"end":{"line":355,"column":44}},"355":{"start":{"line":356,"column":0},"end":{"line":356,"column":40}},"356":{"start":{"line":357,"column":0},"end":{"line":357,"column":82}},"357":{"start":{"line":358,"column":0},"end":{"line":358,"column":7}},"358":{"start":{"line":359,"column":0},"end":{"line":359,"column":34}},"359":{"start":{"line":360,"column":0},"end":{"line":360,"column":64}},"360":{"start":{"line":361,"column":0},"end":{"line":361,"column":81}},"361":{"start":{"line":362,"column":0},"end":{"line":362,"column":68}},"362":{"start":{"line":363,"column":0},"end":{"line":363,"column":7}},"363":{"start":{"line":364,"column":0},"end":{"line":364,"column":5}},"365":{"start":{"line":366,"column":0},"end":{"line":366,"column":89}},"366":{"start":{"line":367,"column":0},"end":{"line":367,"column":42}},"367":{"start":{"line":368,"column":0},"end":{"line":368,"column":36}},"368":{"start":{"line":369,"column":0},"end":{"line":369,"column":73}},"369":{"start":{"line":370,"column":0},"end":{"line":370,"column":7}},"370":{"start":{"line":371,"column":0},"end":{"line":371,"column":5}},"371":{"start":{"line":372,"column":0},"end":{"line":372,"column":3}},"372":{"start":{"line":373,"column":0},"end":{"line":373,"column":1}}},"s":{"0":1,"9":1,"10":1,"11":1,"12":1,"21":1,"22":1,"23":1,"24":1,"25":1,"26":1,"28":1,"29":1,"30":1,"31":1,"32":1,"33":1,"63":5,"64":5,"65":1,"66":1,"67":5,"69":4,"70":4,"71":4,"73":8,"74":8,"75":8,"76":8,"77":8,"79":0,"80":8,"82":4,"83":4,"84":4,"85":4,"86":4,"87":4,"88":4,"89":4,"91":17,"92":17,"93":17,"95":0,"96":0,"97":0,"99":2,"100":2,"101":2,"103":2,"104":2,"105":7,"106":7,"108":7,"109":3,"110":3,"111":1,"112":1,"113":1,"115":4,"116":7,"117":4,"118":4,"119":2,"120":2,"122":4,"123":4,"124":4,"125":4,"126":4,"127":0,"128":0,"129":4,"130":2,"131":2,"132":4,"133":4,"135":3,"136":3,"137":3,"138":3,"139":3,"141":1,"142":1,"143":1,"144":1,"145":1,"146":0,"147":0,"148":1,"149":0,"150":0,"151":1,"153":13,"154":13,"155":0,"156":0,"157":13,"159":1,"160":1,"162":1,"163":1,"164":1,"165":1,"166":1,"168":1,"169":1,"170":1,"172":0,"174":1,"175":1,"176":4,"177":4,"178":4,"179":4,"180":4,"181":4,"182":4,"183":4,"184":1,"186":1,"187":1,"188":1,"189":1,"190":1,"191":1,"192":1,"193":1,"195":1,"196":1,"197":1,"198":1,"199":1,"200":1,"201":1,"203":1,"204":1,"205":1,"206":1,"207":1,"208":1,"209":1,"210":1,"211":1,"212":1,"213":1,"214":1,"215":1,"216":1,"218":1,"219":1,"221":1,"222":1,"223":1,"224":1,"225":1,"226":1,"227":1,"228":1,"229":1,"230":1,"231":0,"232":0,"233":1,"235":1,"236":3,"237":3,"238":3,"239":3,"240":3,"241":3,"242":3,"243":3,"244":3,"245":3,"246":3,"247":3,"248":3,"249":3,"250":3,"251":3,"252":3,"253":3,"254":3,"255":3,"256":3,"257":3,"258":1,"259":1,"260":3,"262":1,"263":2,"264":2,"265":1,"266":1,"268":1,"269":1,"271":1,"272":1,"273":1,"275":1,"276":1,"278":1,"279":1,"280":1,"281":1,"283":1,"284":2,"285":3,"286":3,"287":3,"288":0,"289":0,"290":3,"291":3,"292":3,"293":3,"294":2,"295":0,"296":0,"297":0,"298":0,"299":0,"300":0,"302":1,"303":1,"305":1,"306":1,"307":1,"308":1,"309":1,"310":1,"311":1,"312":1,"313":1,"314":1,"315":2,"316":2,"317":2,"318":2,"319":2,"320":1,"321":1,"322":2,"324":1,"325":0,"326":0,"327":0,"328":0,"330":1,"331":4,"332":4,"333":4,"334":0,"335":0,"337":3,"338":3,"339":3,"340":3,"341":3,"342":3,"343":3,"344":3,"345":4,"347":1,"348":3,"349":0,"350":0,"352":3,"353":3,"354":10,"355":10,"356":0,"357":0,"358":10,"359":10,"360":10,"361":0,"362":0,"363":10,"365":3,"366":3,"367":9,"368":0,"369":0,"370":9,"371":3,"372":1},"branchMap":{"0":{"type":"branch","line":64,"loc":{"start":{"line":64,"column":0},"end":{"line":68,"column":1}},"locations":[{"start":{"line":64,"column":0},"end":{"line":68,"column":1}}]},"1":{"type":"branch","line":65,"loc":{"start":{"line":65,"column":71},"end":{"line":67,"column":3}},"locations":[{"start":{"line":65,"column":71},"end":{"line":67,"column":3}}]},"2":{"type":"branch","line":70,"loc":{"start":{"line":70,"column":0},"end":{"line":72,"column":1}},"locations":[{"start":{"line":70,"column":0},"end":{"line":72,"column":1}}]},"3":{"type":"branch","line":71,"loc":{"start":{"line":71,"column":9},"end":{"line":71,"column":47}},"locations":[{"start":{"line":71,"column":9},"end":{"line":71,"column":47}}]},"4":{"type":"branch","line":74,"loc":{"start":{"line":74,"column":0},"end":{"line":81,"column":1}},"locations":[{"start":{"line":74,"column":0},"end":{"line":81,"column":1}}]},"5":{"type":"branch","line":75,"loc":{"start":{"line":75,"column":15},"end":{"line":75,"column":22}},"locations":[{"start":{"line":75,"column":15},"end":{"line":75,"column":22}}]},"6":{"type":"branch","line":78,"loc":{"start":{"line":78,"column":2},"end":{"line":80,"column":3}},"locations":[{"start":{"line":78,"column":2},"end":{"line":80,"column":3}}]},"7":{"type":"branch","line":83,"loc":{"start":{"line":83,"column":0},"end":{"line":90,"column":1}},"locations":[{"start":{"line":83,"column":0},"end":{"line":90,"column":1}}]},"8":{"type":"branch","line":92,"loc":{"start":{"line":92,"column":0},"end":{"line":94,"column":1}},"locations":[{"start":{"line":92,"column":0},"end":{"line":94,"column":1}}]},"9":{"type":"branch","line":100,"loc":{"start":{"line":100,"column":0},"end":{"line":121,"column":1}},"locations":[{"start":{"line":100,"column":0},"end":{"line":121,"column":1}}]},"10":{"type":"branch","line":102,"loc":{"start":{"line":102,"column":33},"end":{"line":102,"column":43}},"locations":[{"start":{"line":102,"column":33},"end":{"line":102,"column":43}}]},"11":{"type":"branch","line":105,"loc":{"start":{"line":105,"column":74},"end":{"line":119,"column":3}},"locations":[{"start":{"line":105,"column":74},"end":{"line":119,"column":3}}]},"12":{"type":"branch","line":109,"loc":{"start":{"line":109,"column":29},"end":{"line":114,"column":5}},"locations":[{"start":{"line":109,"column":29},"end":{"line":114,"column":5}}]},"13":{"type":"branch","line":110,"loc":{"start":{"line":110,"column":25},"end":{"line":110,"column":65}},"locations":[{"start":{"line":110,"column":25},"end":{"line":110,"column":65}}]},"14":{"type":"branch","line":110,"loc":{"start":{"line":110,"column":65},"end":{"line":110,"column":74}},"locations":[{"start":{"line":110,"column":65},"end":{"line":110,"column":74}}]},"15":{"type":"branch","line":110,"loc":{"start":{"line":110,"column":65},"end":{"line":111,"column":38}},"locations":[{"start":{"line":110,"column":65},"end":{"line":111,"column":38}}]},"16":{"type":"branch","line":111,"loc":{"start":{"line":111,"column":25},"end":{"line":111,"column":73}},"locations":[{"start":{"line":111,"column":25},"end":{"line":111,"column":73}}]},"17":{"type":"branch","line":111,"loc":{"start":{"line":111,"column":73},"end":{"line":114,"column":5}},"locations":[{"start":{"line":111,"column":73},"end":{"line":114,"column":5}}]},"18":{"type":"branch","line":114,"loc":{"start":{"line":114,"column":4},"end":{"line":116,"column":34}},"locations":[{"start":{"line":114,"column":4},"end":{"line":116,"column":34}}]},"19":{"type":"branch","line":116,"loc":{"start":{"line":116,"column":25},"end":{"line":116,"column":34}},"locations":[{"start":{"line":116,"column":25},"end":{"line":116,"column":34}}]},"20":{"type":"branch","line":116,"loc":{"start":{"line":116,"column":25},"end":{"line":117,"column":76}},"locations":[{"start":{"line":116,"column":25},"end":{"line":117,"column":76}}]},"21":{"type":"branch","line":117,"loc":{"start":{"line":117,"column":76},"end":{"line":117,"column":85}},"locations":[{"start":{"line":117,"column":76},"end":{"line":117,"column":85}}]},"22":{"type":"branch","line":117,"loc":{"start":{"line":117,"column":76},"end":{"line":119,"column":3}},"locations":[{"start":{"line":117,"column":76},"end":{"line":119,"column":3}}]},"23":{"type":"branch","line":120,"loc":{"start":{"line":120,"column":21},"end":{"line":120,"column":49}},"locations":[{"start":{"line":120,"column":21},"end":{"line":120,"column":49}}]},"24":{"type":"branch","line":123,"loc":{"start":{"line":123,"column":0},"end":{"line":134,"column":1}},"locations":[{"start":{"line":123,"column":0},"end":{"line":134,"column":1}}]},"25":{"type":"branch","line":127,"loc":{"start":{"line":127,"column":68},"end":{"line":129,"column":3}},"locations":[{"start":{"line":127,"column":68},"end":{"line":129,"column":3}}]},"26":{"type":"branch","line":130,"loc":{"start":{"line":130,"column":70},"end":{"line":132,"column":3}},"locations":[{"start":{"line":130,"column":70},"end":{"line":132,"column":3}}]},"27":{"type":"branch","line":127,"loc":{"start":{"line":127,"column":17},"end":{"line":127,"column":65}},"locations":[{"start":{"line":127,"column":17},"end":{"line":127,"column":65}}]},"28":{"type":"branch","line":130,"loc":{"start":{"line":130,"column":17},"end":{"line":130,"column":67}},"locations":[{"start":{"line":130,"column":17},"end":{"line":130,"column":67}}]},"29":{"type":"branch","line":136,"loc":{"start":{"line":136,"column":0},"end":{"line":140,"column":1}},"locations":[{"start":{"line":136,"column":0},"end":{"line":140,"column":1}}]},"30":{"type":"branch","line":137,"loc":{"start":{"line":137,"column":22},"end":{"line":137,"column":87}},"locations":[{"start":{"line":137,"column":22},"end":{"line":137,"column":87}}]},"31":{"type":"branch","line":138,"loc":{"start":{"line":138,"column":44},"end":{"line":138,"column":189}},"locations":[{"start":{"line":138,"column":44},"end":{"line":138,"column":189}}]},"32":{"type":"branch","line":142,"loc":{"start":{"line":142,"column":0},"end":{"line":152,"column":1}},"locations":[{"start":{"line":142,"column":0},"end":{"line":152,"column":1}}]},"33":{"type":"branch","line":146,"loc":{"start":{"line":146,"column":31},"end":{"line":148,"column":28}},"locations":[{"start":{"line":146,"column":31},"end":{"line":148,"column":28}}]},"34":{"type":"branch","line":149,"loc":{"start":{"line":149,"column":2},"end":{"line":151,"column":3}},"locations":[{"start":{"line":149,"column":2},"end":{"line":151,"column":3}}]},"35":{"type":"branch","line":154,"loc":{"start":{"line":154,"column":0},"end":{"line":158,"column":1}},"locations":[{"start":{"line":154,"column":0},"end":{"line":158,"column":1}}]},"36":{"type":"branch","line":155,"loc":{"start":{"line":155,"column":117},"end":{"line":157,"column":3}},"locations":[{"start":{"line":155,"column":117},"end":{"line":157,"column":3}}]},"37":{"type":"branch","line":161,"loc":{"start":{"line":161,"column":2},"end":{"line":161,"column":60}},"locations":[{"start":{"line":161,"column":2},"end":{"line":161,"column":60}}]},"38":{"type":"branch","line":163,"loc":{"start":{"line":163,"column":2},"end":{"line":234,"column":3}},"locations":[{"start":{"line":163,"column":2},"end":{"line":234,"column":3}}]},"39":{"type":"branch","line":171,"loc":{"start":{"line":171,"column":6},"end":{"line":173,"column":7}},"locations":[{"start":{"line":171,"column":6},"end":{"line":173,"column":7}}]},"40":{"type":"branch","line":231,"loc":{"start":{"line":231,"column":4},"end":{"line":233,"column":5}},"locations":[{"start":{"line":231,"column":4},"end":{"line":233,"column":5}}]},"41":{"type":"branch","line":176,"loc":{"start":{"line":176,"column":43},"end":{"line":185,"column":7}},"locations":[{"start":{"line":176,"column":43},"end":{"line":185,"column":7}}]},"42":{"type":"branch","line":228,"loc":{"start":{"line":228,"column":33},"end":{"line":228,"column":70}},"locations":[{"start":{"line":228,"column":33},"end":{"line":228,"column":70}}]},"43":{"type":"branch","line":236,"loc":{"start":{"line":236,"column":2},"end":{"line":261,"column":3}},"locations":[{"start":{"line":236,"column":2},"end":{"line":261,"column":3}}]},"44":{"type":"branch","line":255,"loc":{"start":{"line":255,"column":56},"end":{"line":255,"column":109}},"locations":[{"start":{"line":255,"column":56},"end":{"line":255,"column":109}}]},"45":{"type":"branch","line":255,"loc":{"start":{"line":255,"column":105},"end":{"line":255,"column":112}},"locations":[{"start":{"line":255,"column":105},"end":{"line":255,"column":112}}]},"46":{"type":"branch","line":258,"loc":{"start":{"line":258,"column":4},"end":{"line":260,"column":5}},"locations":[{"start":{"line":258,"column":4},"end":{"line":260,"column":5}}]},"47":{"type":"branch","line":259,"loc":{"start":{"line":259,"column":109},"end":{"line":259,"column":134}},"locations":[{"start":{"line":259,"column":109},"end":{"line":259,"column":134}}]},"48":{"type":"branch","line":251,"loc":{"start":{"line":251,"column":41},"end":{"line":251,"column":78}},"locations":[{"start":{"line":251,"column":41},"end":{"line":251,"column":78}}]},"49":{"type":"branch","line":252,"loc":{"start":{"line":252,"column":33},"end":{"line":252,"column":91}},"locations":[{"start":{"line":252,"column":33},"end":{"line":252,"column":91}}]},"50":{"type":"branch","line":263,"loc":{"start":{"line":263,"column":2},"end":{"line":323,"column":3}},"locations":[{"start":{"line":263,"column":2},"end":{"line":323,"column":3}}]},"51":{"type":"branch","line":265,"loc":{"start":{"line":265,"column":49},"end":{"line":285,"column":42}},"locations":[{"start":{"line":265,"column":49},"end":{"line":285,"column":42}}]},"52":{"type":"branch","line":285,"loc":{"start":{"line":285,"column":42},"end":{"line":294,"column":9}},"locations":[{"start":{"line":285,"column":42},"end":{"line":294,"column":9}}]},"53":{"type":"branch","line":288,"loc":{"start":{"line":288,"column":84},"end":{"line":290,"column":11}},"locations":[{"start":{"line":288,"column":84},"end":{"line":290,"column":11}}]},"54":{"type":"branch","line":294,"loc":{"start":{"line":294,"column":8},"end":{"line":295,"column":15}},"locations":[{"start":{"line":294,"column":8},"end":{"line":295,"column":15}}]},"55":{"type":"branch","line":295,"loc":{"start":{"line":295,"column":6},"end":{"line":301,"column":7}},"locations":[{"start":{"line":295,"column":6},"end":{"line":301,"column":7}}]},"56":{"type":"branch","line":301,"loc":{"start":{"line":301,"column":6},"end":{"line":316,"column":60}},"locations":[{"start":{"line":301,"column":6},"end":{"line":316,"column":60}}]},"57":{"type":"branch","line":316,"loc":{"start":{"line":316,"column":56},"end":{"line":316,"column":109}},"locations":[{"start":{"line":316,"column":56},"end":{"line":316,"column":109}}]},"58":{"type":"branch","line":316,"loc":{"start":{"line":316,"column":105},"end":{"line":316,"column":112}},"locations":[{"start":{"line":316,"column":105},"end":{"line":316,"column":112}}]},"59":{"type":"branch","line":320,"loc":{"start":{"line":320,"column":4},"end":{"line":322,"column":5}},"locations":[{"start":{"line":320,"column":4},"end":{"line":322,"column":5}}]},"60":{"type":"branch","line":321,"loc":{"start":{"line":321,"column":109},"end":{"line":321,"column":134}},"locations":[{"start":{"line":321,"column":109},"end":{"line":321,"column":134}}]},"61":{"type":"branch","line":312,"loc":{"start":{"line":312,"column":41},"end":{"line":312,"column":78}},"locations":[{"start":{"line":312,"column":41},"end":{"line":312,"column":78}}]},"62":{"type":"branch","line":331,"loc":{"start":{"line":331,"column":10},"end":{"line":346,"column":3}},"locations":[{"start":{"line":331,"column":10},"end":{"line":346,"column":3}}]},"63":{"type":"branch","line":334,"loc":{"start":{"line":334,"column":28},"end":{"line":334,"column":84}},"locations":[{"start":{"line":334,"column":28},"end":{"line":334,"column":84}}]},"64":{"type":"branch","line":334,"loc":{"start":{"line":334,"column":66},"end":{"line":334,"column":122}},"locations":[{"start":{"line":334,"column":66},"end":{"line":334,"column":122}}]},"65":{"type":"branch","line":334,"loc":{"start":{"line":334,"column":122},"end":{"line":336,"column":5}},"locations":[{"start":{"line":334,"column":122},"end":{"line":336,"column":5}}]},"66":{"type":"branch","line":336,"loc":{"start":{"line":336,"column":4},"end":{"line":345,"column":19}},"locations":[{"start":{"line":336,"column":4},"end":{"line":345,"column":19}}]},"67":{"type":"branch","line":348,"loc":{"start":{"line":348,"column":10},"end":{"line":372,"column":3}},"locations":[{"start":{"line":348,"column":10},"end":{"line":372,"column":3}}]},"68":{"type":"branch","line":349,"loc":{"start":{"line":349,"column":113},"end":{"line":351,"column":5}},"locations":[{"start":{"line":349,"column":113},"end":{"line":351,"column":5}}]},"69":{"type":"branch","line":354,"loc":{"start":{"line":354,"column":38},"end":{"line":364,"column":5}},"locations":[{"start":{"line":354,"column":38},"end":{"line":364,"column":5}}]},"70":{"type":"branch","line":356,"loc":{"start":{"line":356,"column":39},"end":{"line":358,"column":7}},"locations":[{"start":{"line":356,"column":39},"end":{"line":358,"column":7}}]},"71":{"type":"branch","line":361,"loc":{"start":{"line":361,"column":80},"end":{"line":363,"column":7}},"locations":[{"start":{"line":361,"column":80},"end":{"line":363,"column":7}}]},"72":{"type":"branch","line":367,"loc":{"start":{"line":367,"column":41},"end":{"line":371,"column":5}},"locations":[{"start":{"line":367,"column":41},"end":{"line":371,"column":5}}]},"73":{"type":"branch","line":368,"loc":{"start":{"line":368,"column":35},"end":{"line":370,"column":7}},"locations":[{"start":{"line":368,"column":35},"end":{"line":370,"column":7}}]}},"b":{"0":[5],"1":[1],"2":[4],"3":[2],"4":[8],"5":[0],"6":[0],"7":[4],"8":[17],"9":[2],"10":[0],"11":[7],"12":[3],"13":[2],"14":[1],"15":[2],"16":[1],"17":[1],"18":[4],"19":[0],"20":[4],"21":[0],"22":[4],"23":[3],"24":[4],"25":[0],"26":[2],"27":[14],"28":[8],"29":[3],"30":[0],"31":[0],"32":[1],"33":[0],"34":[0],"35":[13],"36":[0],"37":[4],"38":[1],"39":[0],"40":[0],"41":[4],"42":[4],"43":[3],"44":[0],"45":[2],"46":[1],"47":[0],"48":[7],"49":[7],"50":[2],"51":[1],"52":[3],"53":[0],"54":[1],"55":[0],"56":[1],"57":[0],"58":[1],"59":[1],"60":[0],"61":[3],"62":[4],"63":[3],"64":[3],"65":[0],"66":[3],"67":[3],"68":[0],"69":[10],"70":[0],"71":[0],"72":[9],"73":[0]},"fnMap":{"0":{"name":"assertPassphrase","decl":{"start":{"line":64,"column":0},"end":{"line":68,"column":1}},"loc":{"start":{"line":64,"column":0},"end":{"line":68,"column":1}},"line":64},"1":{"name":"normalizeBackupKdfParams","decl":{"start":{"line":70,"column":0},"end":{"line":72,"column":1}},"loc":{"start":{"line":70,"column":0},"end":{"line":72,"column":1}},"line":70},"2":{"name":"safeDestroyBuffer","decl":{"start":{"line":74,"column":0},"end":{"line":81,"column":1}},"loc":{"start":{"line":74,"column":0},"end":{"line":81,"column":1}},"line":74},"3":{"name":"deriveBackupKey","decl":{"start":{"line":83,"column":0},"end":{"line":90,"column":1}},"loc":{"start":{"line":83,"column":0},"end":{"line":90,"column":1}},"line":83},"4":{"name":"sha256","decl":{"start":{"line":92,"column":0},"end":{"line":94,"column":1}},"loc":{"start":{"line":92,"column":0},"end":{"line":94,"column":1}},"line":92},"5":{"name":"safeBackupFileName","decl":{"start":{"line":96,"column":0},"end":{"line":98,"column":1}},"loc":{"start":{"line":96,"column":0},"end":{"line":98,"column":1}},"line":96},"6":{"name":"walkFiles","decl":{"start":{"line":100,"column":0},"end":{"line":121,"column":1}},"loc":{"start":{"line":100,"column":0},"end":{"line":121,"column":1}},"line":100},"7":{"name":"buildBackupPrivacyWarnings","decl":{"start":{"line":123,"column":0},"end":{"line":134,"column":1}},"loc":{"start":{"line":123,"column":0},"end":{"line":134,"column":1}},"line":123},"8":{"name":"schemaVersionWarning","decl":{"start":{"line":136,"column":0},"end":{"line":140,"column":1}},"loc":{"start":{"line":136,"column":0},"end":{"line":140,"column":1}},"line":136},"9":{"name":"readSchemaVersion","decl":{"start":{"line":142,"column":0},"end":{"line":152,"column":1}},"loc":{"start":{"line":142,"column":0},"end":{"line":152,"column":1}},"line":142},"10":{"name":"assertRelativePath","decl":{"start":{"line":154,"column":0},"end":{"line":158,"column":1}},"loc":{"start":{"line":154,"column":0},"end":{"line":158,"column":1}},"line":154},"11":{"name":"BackupService","decl":{"start":{"line":161,"column":2},"end":{"line":161,"column":60}},"loc":{"start":{"line":161,"column":2},"end":{"line":161,"column":60}},"line":161},"12":{"name":"createBackup","decl":{"start":{"line":163,"column":2},"end":{"line":234,"column":3}},"loc":{"start":{"line":163,"column":2},"end":{"line":234,"column":3}},"line":163},"13":{"name":"inspectBackup","decl":{"start":{"line":236,"column":2},"end":{"line":261,"column":3}},"loc":{"start":{"line":236,"column":2},"end":{"line":261,"column":3}},"line":236},"14":{"name":"restoreBackup","decl":{"start":{"line":263,"column":2},"end":{"line":323,"column":3}},"loc":{"start":{"line":263,"column":2},"end":{"line":323,"column":3}},"line":263},"15":{"name":"defaultBackupPath","decl":{"start":{"line":325,"column":2},"end":{"line":329,"column":3}},"loc":{"start":{"line":325,"column":2},"end":{"line":329,"column":3}},"line":325},"16":{"name":"readBackupPayload","decl":{"start":{"line":331,"column":10},"end":{"line":346,"column":3}},"loc":{"start":{"line":331,"column":10},"end":{"line":346,"column":3}},"line":331},"17":{"name":"verifyPayload","decl":{"start":{"line":348,"column":10},"end":{"line":372,"column":3}},"loc":{"start":{"line":348,"column":10},"end":{"line":372,"column":3}},"line":348}},"f":{"0":5,"1":4,"2":8,"3":4,"4":17,"5":0,"6":2,"7":4,"8":3,"9":1,"10":13,"11":4,"12":1,"13":3,"14":2,"15":0,"16":4,"17":3}}
,"/home/dwaesnigk/git-repos/gremia-sbv/services/bemGuidancePolicy.ts": {"path":"/home/dwaesnigk/git-repos/gremia-sbv/services/bemGuidancePolicy.ts","all":false,"statementMap":{"0":{"start":{"line":1,"column":0},"end":{"line":1,"column":87}},"20":{"start":{"line":21,"column":0},"end":{"line":21,"column":63}},"21":{"start":{"line":22,"column":0},"end":{"line":22,"column":49}},"22":{"start":{"line":23,"column":0},"end":{"line":23,"column":71}},"23":{"start":{"line":24,"column":0},"end":{"line":24,"column":100}},"24":{"start":{"line":25,"column":0},"end":{"line":25,"column":83}},"25":{"start":{"line":26,"column":0},"end":{"line":26,"column":95}},"26":{"start":{"line":27,"column":0},"end":{"line":27,"column":74}},"27":{"start":{"line":28,"column":0},"end":{"line":28,"column":75}},"28":{"start":{"line":29,"column":0},"end":{"line":29,"column":84}},"29":{"start":{"line":30,"column":0},"end":{"line":30,"column":92}},"30":{"start":{"line":31,"column":0},"end":{"line":31,"column":99}},"31":{"start":{"line":32,"column":0},"end":{"line":32,"column":84}},"32":{"start":{"line":33,"column":0},"end":{"line":33,"column":90}},"33":{"start":{"line":34,"column":0},"end":{"line":34,"column":88}},"34":{"start":{"line":35,"column":0},"end":{"line":35,"column":4}},"35":{"start":{"line":36,"column":0},"end":{"line":36,"column":28}},"36":{"start":{"line":37,"column":0},"end":{"line":37,"column":1}},"38":{"start":{"line":39,"column":0},"end":{"line":39,"column":88}},"39":{"start":{"line":40,"column":0},"end":{"line":40,"column":100}},"40":{"start":{"line":41,"column":0},"end":{"line":41,"column":101}},"41":{"start":{"line":42,"column":0},"end":{"line":42,"column":98}},"42":{"start":{"line":43,"column":0},"end":{"line":43,"column":111}},"43":{"start":{"line":44,"column":0},"end":{"line":44,"column":117}},"44":{"start":{"line":45,"column":0},"end":{"line":45,"column":104}},"45":{"start":{"line":46,"column":0},"end":{"line":46,"column":102}},"46":{"start":{"line":47,"column":0},"end":{"line":47,"column":103}},"47":{"start":{"line":48,"column":0},"end":{"line":48,"column":89}},"48":{"start":{"line":49,"column":0},"end":{"line":49,"column":19}},"49":{"start":{"line":50,"column":0},"end":{"line":50,"column":1}},"51":{"start":{"line":52,"column":0},"end":{"line":52,"column":85}},"52":{"start":{"line":53,"column":0},"end":{"line":53,"column":31}},"53":{"start":{"line":54,"column":0},"end":{"line":54,"column":63}},"54":{"start":{"line":55,"column":0},"end":{"line":55,"column":1}},"56":{"start":{"line":57,"column":0},"end":{"line":57,"column":86}},"57":{"start":{"line":58,"column":0},"end":{"line":58,"column":93}},"58":{"start":{"line":59,"column":0},"end":{"line":59,"column":27}},"59":{"start":{"line":60,"column":0},"end":{"line":60,"column":25}},"60":{"start":{"line":61,"column":0},"end":{"line":61,"column":25}},"61":{"start":{"line":62,"column":0},"end":{"line":62,"column":6}},"63":{"start":{"line":64,"column":0},"end":{"line":64,"column":110}},"64":{"start":{"line":65,"column":0},"end":{"line":65,"column":103}},"65":{"start":{"line":66,"column":0},"end":{"line":66,"column":4}},"67":{"start":{"line":68,"column":0},"end":{"line":68,"column":40}},"68":{"start":{"line":69,"column":0},"end":{"line":69,"column":132}},"69":{"start":{"line":70,"column":0},"end":{"line":70,"column":3}},"71":{"start":{"line":72,"column":0},"end":{"line":72,"column":135}},"72":{"start":{"line":73,"column":0},"end":{"line":73,"column":72}},"73":{"start":{"line":74,"column":0},"end":{"line":74,"column":79}},"74":{"start":{"line":75,"column":0},"end":{"line":75,"column":3}},"76":{"start":{"line":77,"column":0},"end":{"line":77,"column":127}},"77":{"start":{"line":78,"column":0},"end":{"line":78,"column":87}},"78":{"start":{"line":79,"column":0},"end":{"line":79,"column":100}},"79":{"start":{"line":80,"column":0},"end":{"line":80,"column":3}},"81":{"start":{"line":82,"column":0},"end":{"line":82,"column":47}},"82":{"start":{"line":83,"column":0},"end":{"line":83,"column":70}},"83":{"start":{"line":84,"column":0},"end":{"line":84,"column":3}},"85":{"start":{"line":86,"column":0},"end":{"line":86,"column":142}},"86":{"start":{"line":87,"column":0},"end":{"line":87,"column":53}},"87":{"start":{"line":88,"column":0},"end":{"line":88,"column":71}},"88":{"start":{"line":89,"column":0},"end":{"line":89,"column":74}},"89":{"start":{"line":90,"column":0},"end":{"line":90,"column":3}},"91":{"start":{"line":92,"column":0},"end":{"line":92,"column":113}},"92":{"start":{"line":93,"column":0},"end":{"line":93,"column":76}},"93":{"start":{"line":94,"column":0},"end":{"line":94,"column":84}},"94":{"start":{"line":95,"column":0},"end":{"line":95,"column":3}},"96":{"start":{"line":97,"column":0},"end":{"line":97,"column":10}},"97":{"start":{"line":98,"column":0},"end":{"line":98,"column":27}},"98":{"start":{"line":99,"column":0},"end":{"line":99,"column":31}},"99":{"start":{"line":100,"column":0},"end":{"line":100,"column":50}},"100":{"start":{"line":101,"column":0},"end":{"line":101,"column":13}},"101":{"start":{"line":102,"column":0},"end":{"line":102,"column":54}},"102":{"start":{"line":103,"column":0},"end":{"line":103,"column":4}},"103":{"start":{"line":104,"column":0},"end":{"line":104,"column":1}}},"s":{"0":1,"20":1,"21":2,"22":2,"23":2,"24":2,"25":2,"26":2,"27":2,"28":2,"29":2,"30":2,"31":2,"32":2,"33":2,"34":2,"35":2,"36":2,"38":1,"39":6,"40":6,"41":6,"42":6,"43":6,"44":6,"45":6,"46":6,"47":6,"48":2,"49":2,"51":7,"52":7,"53":7,"54":7,"56":1,"57":2,"58":8,"59":8,"60":8,"61":2,"63":2,"64":7,"65":7,"67":2,"68":0,"69":0,"71":2,"72":0,"73":0,"74":0,"76":2,"77":2,"78":2,"79":2,"81":2,"82":0,"83":0,"85":2,"86":1,"87":1,"88":1,"89":1,"91":2,"92":0,"93":0,"94":0,"96":2,"97":2,"98":2,"99":2,"100":2,"101":2,"102":2,"103":2},"branchMap":{"0":{"type":"branch","line":21,"loc":{"start":{"line":21,"column":7},"end":{"line":37,"column":1}},"locations":[{"start":{"line":21,"column":7},"end":{"line":37,"column":1}}]},"1":{"type":"branch","line":39,"loc":{"start":{"line":39,"column":7},"end":{"line":50,"column":1}},"locations":[{"start":{"line":39,"column":7},"end":{"line":50,"column":1}}]},"2":{"type":"branch","line":40,"loc":{"start":{"line":40,"column":25},"end":{"line":40,"column":69}},"locations":[{"start":{"line":40,"column":25},"end":{"line":40,"column":69}}]},"3":{"type":"branch","line":40,"loc":{"start":{"line":40,"column":69},"end":{"line":40,"column":100}},"locations":[{"start":{"line":40,"column":69},"end":{"line":40,"column":100}}]},"4":{"type":"branch","line":40,"loc":{"start":{"line":40,"column":76},"end":{"line":41,"column":52}},"locations":[{"start":{"line":40,"column":76},"end":{"line":41,"column":52}}]},"5":{"type":"branch","line":41,"loc":{"start":{"line":41,"column":25},"end":{"line":41,"column":74}},"locations":[{"start":{"line":41,"column":25},"end":{"line":41,"column":74}}]},"6":{"type":"branch","line":41,"loc":{"start":{"line":41,"column":74},"end":{"line":41,"column":101}},"locations":[{"start":{"line":41,"column":74},"end":{"line":41,"column":101}}]},"7":{"type":"branch","line":41,"loc":{"start":{"line":41,"column":81},"end":{"line":42,"column":48}},"locations":[{"start":{"line":41,"column":81},"end":{"line":42,"column":48}}]},"8":{"type":"branch","line":42,"loc":{"start":{"line":42,"column":25},"end":{"line":42,"column":71}},"locations":[{"start":{"line":42,"column":25},"end":{"line":42,"column":71}}]},"9":{"type":"branch","line":42,"loc":{"start":{"line":42,"column":71},"end":{"line":42,"column":98}},"locations":[{"start":{"line":42,"column":71},"end":{"line":42,"column":98}}]},"10":{"type":"branch","line":42,"loc":{"start":{"line":42,"column":78},"end":{"line":43,"column":48}},"locations":[{"start":{"line":42,"column":78},"end":{"line":43,"column":48}}]},"11":{"type":"branch","line":43,"loc":{"start":{"line":43,"column":25},"end":{"line":43,"column":91}},"locations":[{"start":{"line":43,"column":25},"end":{"line":43,"column":91}}]},"12":{"type":"branch","line":43,"loc":{"start":{"line":43,"column":91},"end":{"line":43,"column":111}},"locations":[{"start":{"line":43,"column":91},"end":{"line":43,"column":111}}]},"13":{"type":"branch","line":43,"loc":{"start":{"line":43,"column":98},"end":{"line":44,"column":41}},"locations":[{"start":{"line":43,"column":98},"end":{"line":44,"column":41}}]},"14":{"type":"branch","line":44,"loc":{"start":{"line":44,"column":25},"end":{"line":44,"column":68}},"locations":[{"start":{"line":44,"column":25},"end":{"line":44,"column":68}}]},"15":{"type":"branch","line":44,"loc":{"start":{"line":44,"column":49},"end":{"line":44,"column":90}},"locations":[{"start":{"line":44,"column":49},"end":{"line":44,"column":90}}]},"16":{"type":"branch","line":44,"loc":{"start":{"line":44,"column":90},"end":{"line":44,"column":117}},"locations":[{"start":{"line":44,"column":90},"end":{"line":44,"column":117}}]},"17":{"type":"branch","line":44,"loc":{"start":{"line":44,"column":97},"end":{"line":45,"column":48}},"locations":[{"start":{"line":44,"column":97},"end":{"line":45,"column":48}}]},"18":{"type":"branch","line":45,"loc":{"start":{"line":45,"column":25},"end":{"line":45,"column":72}},"locations":[{"start":{"line":45,"column":25},"end":{"line":45,"column":72}}]},"19":{"type":"branch","line":45,"loc":{"start":{"line":45,"column":72},"end":{"line":45,"column":104}},"locations":[{"start":{"line":45,"column":72},"end":{"line":45,"column":104}}]},"20":{"type":"branch","line":45,"loc":{"start":{"line":45,"column":79},"end":{"line":46,"column":53}},"locations":[{"start":{"line":45,"column":79},"end":{"line":46,"column":53}}]},"21":{"type":"branch","line":46,"loc":{"start":{"line":46,"column":25},"end":{"line":46,"column":71}},"locations":[{"start":{"line":46,"column":25},"end":{"line":46,"column":71}}]},"22":{"type":"branch","line":46,"loc":{"start":{"line":46,"column":71},"end":{"line":46,"column":102}},"locations":[{"start":{"line":46,"column":71},"end":{"line":46,"column":102}}]},"23":{"type":"branch","line":46,"loc":{"start":{"line":46,"column":78},"end":{"line":47,"column":52}},"locations":[{"start":{"line":46,"column":78},"end":{"line":47,"column":52}}]},"24":{"type":"branch","line":47,"loc":{"start":{"line":47,"column":25},"end":{"line":47,"column":74}},"locations":[{"start":{"line":47,"column":25},"end":{"line":47,"column":74}}]},"25":{"type":"branch","line":47,"loc":{"start":{"line":47,"column":74},"end":{"line":47,"column":103}},"locations":[{"start":{"line":47,"column":74},"end":{"line":47,"column":103}}]},"26":{"type":"branch","line":47,"loc":{"start":{"line":47,"column":81},"end":{"line":48,"column":50}},"locations":[{"start":{"line":47,"column":81},"end":{"line":48,"column":50}}]},"27":{"type":"branch","line":48,"loc":{"start":{"line":48,"column":25},"end":{"line":48,"column":66}},"locations":[{"start":{"line":48,"column":25},"end":{"line":48,"column":66}}]},"28":{"type":"branch","line":48,"loc":{"start":{"line":48,"column":66},"end":{"line":48,"column":89}},"locations":[{"start":{"line":48,"column":66},"end":{"line":48,"column":89}}]},"29":{"type":"branch","line":48,"loc":{"start":{"line":48,"column":73},"end":{"line":50,"column":1}},"locations":[{"start":{"line":48,"column":73},"end":{"line":50,"column":1}}]},"30":{"type":"branch","line":52,"loc":{"start":{"line":52,"column":0},"end":{"line":55,"column":1}},"locations":[{"start":{"line":52,"column":0},"end":{"line":55,"column":1}}]},"31":{"type":"branch","line":54,"loc":{"start":{"line":54,"column":19},"end":{"line":54,"column":50}},"locations":[{"start":{"line":54,"column":19},"end":{"line":54,"column":50}}]},"32":{"type":"branch","line":54,"loc":{"start":{"line":54,"column":42},"end":{"line":54,"column":63}},"locations":[{"start":{"line":54,"column":42},"end":{"line":54,"column":63}}]},"33":{"type":"branch","line":57,"loc":{"start":{"line":57,"column":7},"end":{"line":104,"column":1}},"locations":[{"start":{"line":57,"column":7},"end":{"line":104,"column":1}}]},"34":{"type":"branch","line":68,"loc":{"start":{"line":68,"column":39},"end":{"line":70,"column":3}},"locations":[{"start":{"line":68,"column":39},"end":{"line":70,"column":3}}]},"35":{"type":"branch","line":72,"loc":{"start":{"line":72,"column":134},"end":{"line":75,"column":3}},"locations":[{"start":{"line":72,"column":134},"end":{"line":75,"column":3}}]},"36":{"type":"branch","line":77,"loc":{"start":{"line":77,"column":35},"end":{"line":77,"column":86}},"locations":[{"start":{"line":77,"column":35},"end":{"line":77,"column":86}}]},"37":{"type":"branch","line":77,"loc":{"start":{"line":77,"column":70},"end":{"line":77,"column":126}},"locations":[{"start":{"line":77,"column":70},"end":{"line":77,"column":126}}]},"38":{"type":"branch","line":82,"loc":{"start":{"line":82,"column":46},"end":{"line":84,"column":3}},"locations":[{"start":{"line":82,"column":46},"end":{"line":84,"column":3}}]},"39":{"type":"branch","line":86,"loc":{"start":{"line":86,"column":72},"end":{"line":86,"column":141}},"locations":[{"start":{"line":86,"column":72},"end":{"line":86,"column":141}}]},"40":{"type":"branch","line":86,"loc":{"start":{"line":86,"column":141},"end":{"line":90,"column":3}},"locations":[{"start":{"line":86,"column":141},"end":{"line":90,"column":3}}]},"41":{"type":"branch","line":92,"loc":{"start":{"line":92,"column":112},"end":{"line":95,"column":3}},"locations":[{"start":{"line":92,"column":112},"end":{"line":95,"column":3}}]},"42":{"type":"branch","line":58,"loc":{"start":{"line":58,"column":71},"end":{"line":62,"column":4}},"locations":[{"start":{"line":58,"column":71},"end":{"line":62,"column":4}}]},"43":{"type":"branch","line":64,"loc":{"start":{"line":64,"column":23},"end":{"line":66,"column":4}},"locations":[{"start":{"line":64,"column":23},"end":{"line":66,"column":4}}]}},"b":{"0":[2],"1":[6],"2":[1],"3":[1],"4":[5],"5":[1],"6":[1],"7":[4],"8":[0],"9":[0],"10":[4],"11":[0],"12":[0],"13":[4],"14":[2],"15":[1],"16":[1],"17":[3],"18":[0],"19":[0],"20":[3],"21":[0],"22":[0],"23":[3],"24":[1],"25":[0],"26":[3],"27":[1],"28":[1],"29":[2],"30":[7],"31":[0],"32":[0],"33":[2],"34":[0],"35":[0],"36":[0],"37":[0],"38":[0],"39":[1],"40":[1],"41":[0],"42":[8],"43":[7]},"fnMap":{"0":{"name":"bemStatusObjective","decl":{"start":{"line":21,"column":7},"end":{"line":37,"column":1}},"loc":{"start":{"line":21,"column":7},"end":{"line":37,"column":1}},"line":21},"1":{"name":"suggestNextBemStatus","decl":{"start":{"line":39,"column":7},"end":{"line":50,"column":1}},"loc":{"start":{"line":39,"column":7},"end":{"line":50,"column":1}},"line":39},"2":{"name":"missing","decl":{"start":{"line":52,"column":0},"end":{"line":55,"column":1}},"loc":{"start":{"line":52,"column":0},"end":{"line":55,"column":1}},"line":52},"3":{"name":"buildBemStatusGuidance","decl":{"start":{"line":57,"column":7},"end":{"line":104,"column":1}},"loc":{"start":{"line":57,"column":7},"end":{"line":104,"column":1}},"line":57},"4":{"name":"requireField","decl":{"start":{"line":64,"column":23},"end":{"line":66,"column":4}},"loc":{"start":{"line":64,"column":23},"end":{"line":66,"column":4}},"line":64}},"f":{"0":2,"1":6,"2":7,"3":2,"4":7}}
,"/home/dwaesnigk/git-repos/gremia-sbv/services/bemWorkflowPolicy.ts": {"path":"/home/dwaesnigk/git-repos/gremia-sbv/services/bemWorkflowPolicy.ts","all":false,"statementMap":{"2":{"start":{"line":3,"column":0},"end":{"line":3,"column":47}},"3":{"start":{"line":4,"column":0},"end":{"line":4,"column":3}},"4":{"start":{"line":5,"column":0},"end":{"line":5,"column":23}},"5":{"start":{"line":6,"column":0},"end":{"line":6,"column":33}},"6":{"start":{"line":7,"column":0},"end":{"line":7,"column":158}},"7":{"start":{"line":8,"column":0},"end":{"line":8,"column":4}},"8":{"start":{"line":9,"column":0},"end":{"line":9,"column":3}},"9":{"start":{"line":10,"column":0},"end":{"line":10,"column":17}},"10":{"start":{"line":11,"column":0},"end":{"line":11,"column":37}},"11":{"start":{"line":12,"column":0},"end":{"line":12,"column":100}},"12":{"start":{"line":13,"column":0},"end":{"line":13,"column":4}},"13":{"start":{"line":14,"column":0},"end":{"line":14,"column":3}},"14":{"start":{"line":15,"column":0},"end":{"line":15,"column":20}},"15":{"start":{"line":16,"column":0},"end":{"line":16,"column":36}},"16":{"start":{"line":17,"column":0},"end":{"line":17,"column":95}},"17":{"start":{"line":18,"column":0},"end":{"line":18,"column":4}},"18":{"start":{"line":19,"column":0},"end":{"line":19,"column":3}},"19":{"start":{"line":20,"column":0},"end":{"line":20,"column":25}},"20":{"start":{"line":21,"column":0},"end":{"line":21,"column":33}},"21":{"start":{"line":22,"column":0},"end":{"line":22,"column":103}},"22":{"start":{"line":23,"column":0},"end":{"line":23,"column":4}},"23":{"start":{"line":24,"column":0},"end":{"line":24,"column":3}},"24":{"start":{"line":25,"column":0},"end":{"line":25,"column":20}},"25":{"start":{"line":26,"column":0},"end":{"line":26,"column":45}},"26":{"start":{"line":27,"column":0},"end":{"line":27,"column":148}},"27":{"start":{"line":28,"column":0},"end":{"line":28,"column":4}},"28":{"start":{"line":29,"column":0},"end":{"line":29,"column":3}},"29":{"start":{"line":30,"column":0},"end":{"line":30,"column":20}},"30":{"start":{"line":31,"column":0},"end":{"line":31,"column":35}},"31":{"start":{"line":32,"column":0},"end":{"line":32,"column":97}},"32":{"start":{"line":33,"column":0},"end":{"line":33,"column":4}},"33":{"start":{"line":34,"column":0},"end":{"line":34,"column":3}},"34":{"start":{"line":35,"column":0},"end":{"line":35,"column":18}},"35":{"start":{"line":36,"column":0},"end":{"line":36,"column":32}},"36":{"start":{"line":37,"column":0},"end":{"line":37,"column":107}},"37":{"start":{"line":38,"column":0},"end":{"line":38,"column":4}},"38":{"start":{"line":39,"column":0},"end":{"line":39,"column":3}},"39":{"start":{"line":40,"column":0},"end":{"line":40,"column":22}},"40":{"start":{"line":41,"column":0},"end":{"line":41,"column":29}},"41":{"start":{"line":42,"column":0},"end":{"line":42,"column":92}},"42":{"start":{"line":43,"column":0},"end":{"line":43,"column":3}},"43":{"start":{"line":44,"column":0},"end":{"line":44,"column":2}},"45":{"start":{"line":46,"column":0},"end":{"line":46,"column":46}},"46":{"start":{"line":47,"column":0},"end":{"line":47,"column":15}},"47":{"start":{"line":48,"column":0},"end":{"line":48,"column":26}},"48":{"start":{"line":49,"column":0},"end":{"line":49,"column":22}},"49":{"start":{"line":50,"column":0},"end":{"line":50,"column":22}},"50":{"start":{"line":51,"column":0},"end":{"line":51,"column":15}},"51":{"start":{"line":52,"column":0},"end":{"line":52,"column":22}},"52":{"start":{"line":53,"column":0},"end":{"line":53,"column":27}},"53":{"start":{"line":54,"column":0},"end":{"line":54,"column":26}},"54":{"start":{"line":55,"column":0},"end":{"line":55,"column":24}},"55":{"start":{"line":56,"column":0},"end":{"line":56,"column":14}},"56":{"start":{"line":57,"column":0},"end":{"line":57,"column":16}},"57":{"start":{"line":58,"column":0},"end":{"line":58,"column":17}},"58":{"start":{"line":59,"column":0},"end":{"line":59,"column":2}},"60":{"start":{"line":61,"column":0},"end":{"line":61,"column":79}},"61":{"start":{"line":62,"column":0},"end":{"line":62,"column":35}},"62":{"start":{"line":63,"column":0},"end":{"line":63,"column":81}},"63":{"start":{"line":64,"column":0},"end":{"line":64,"column":44}},"64":{"start":{"line":65,"column":0},"end":{"line":65,"column":28}},"65":{"start":{"line":66,"column":0},"end":{"line":66,"column":1}},"67":{"start":{"line":68,"column":0},"end":{"line":68,"column":61}},"68":{"start":{"line":69,"column":0},"end":{"line":69,"column":90}},"69":{"start":{"line":70,"column":0},"end":{"line":70,"column":1}},"71":{"start":{"line":72,"column":0},"end":{"line":72,"column":61}},"72":{"start":{"line":73,"column":0},"end":{"line":73,"column":90}},"73":{"start":{"line":74,"column":0},"end":{"line":74,"column":1}},"75":{"start":{"line":76,"column":0},"end":{"line":76,"column":59}},"76":{"start":{"line":77,"column":0},"end":{"line":77,"column":45}},"77":{"start":{"line":78,"column":0},"end":{"line":78,"column":28}},"78":{"start":{"line":79,"column":0},"end":{"line":79,"column":51}},"79":{"start":{"line":80,"column":0},"end":{"line":80,"column":43}},"80":{"start":{"line":81,"column":0},"end":{"line":81,"column":43}},"81":{"start":{"line":82,"column":0},"end":{"line":82,"column":29}},"82":{"start":{"line":83,"column":0},"end":{"line":83,"column":27}},"83":{"start":{"line":84,"column":0},"end":{"line":84,"column":42}},"84":{"start":{"line":85,"column":0},"end":{"line":85,"column":51}},"85":{"start":{"line":86,"column":0},"end":{"line":86,"column":50}},"86":{"start":{"line":87,"column":0},"end":{"line":87,"column":46}},"87":{"start":{"line":88,"column":0},"end":{"line":88,"column":35}},"88":{"start":{"line":89,"column":0},"end":{"line":89,"column":30}},"89":{"start":{"line":90,"column":0},"end":{"line":90,"column":4}},"90":{"start":{"line":91,"column":0},"end":{"line":91,"column":34}},"91":{"start":{"line":92,"column":0},"end":{"line":92,"column":1}},"93":{"start":{"line":94,"column":0},"end":{"line":94,"column":106}},"94":{"start":{"line":95,"column":0},"end":{"line":95,"column":36}},"96":{"start":{"line":97,"column":0},"end":{"line":97,"column":122}},"97":{"start":{"line":98,"column":0},"end":{"line":98,"column":116}},"98":{"start":{"line":99,"column":0},"end":{"line":99,"column":3}},"100":{"start":{"line":101,"column":0},"end":{"line":101,"column":73}},"101":{"start":{"line":102,"column":0},"end":{"line":102,"column":123}},"102":{"start":{"line":103,"column":0},"end":{"line":103,"column":3}},"104":{"start":{"line":105,"column":0},"end":{"line":105,"column":105}},"105":{"start":{"line":106,"column":0},"end":{"line":106,"column":100}},"106":{"start":{"line":107,"column":0},"end":{"line":107,"column":20}},"107":{"start":{"line":108,"column":0},"end":{"line":108,"column":113}},"108":{"start":{"line":109,"column":0},"end":{"line":109,"column":29}},"109":{"start":{"line":110,"column":0},"end":{"line":110,"column":128}},"110":{"start":{"line":111,"column":0},"end":{"line":111,"column":5}},"111":{"start":{"line":112,"column":0},"end":{"line":112,"column":3}},"113":{"start":{"line":114,"column":0},"end":{"line":114,"column":113}},"114":{"start":{"line":115,"column":0},"end":{"line":115,"column":116}},"115":{"start":{"line":116,"column":0},"end":{"line":116,"column":3}},"117":{"start":{"line":118,"column":0},"end":{"line":118,"column":110}},"118":{"start":{"line":119,"column":0},"end":{"line":119,"column":129}},"119":{"start":{"line":120,"column":0},"end":{"line":120,"column":3}},"121":{"start":{"line":122,"column":0},"end":{"line":122,"column":112}},"122":{"start":{"line":123,"column":0},"end":{"line":123,"column":102}},"123":{"start":{"line":124,"column":0},"end":{"line":124,"column":3}},"125":{"star
[...]
,"column":1}},"187":{"start":{"line":188,"column":0},"end":{"line":188,"column":109}},"188":{"start":{"line":189,"column":0},"end":{"line":189,"column":96}},"189":{"start":{"line":190,"column":0},"end":{"line":190,"column":27}},"190":{"start":{"line":191,"column":0},"end":{"line":191,"column":55}},"191":{"start":{"line":192,"column":0},"end":{"line":192,"column":51}},"192":{"start":{"line":193,"column":0},"end":{"line":193,"column":85}},"193":{"start":{"line":194,"column":0},"end":{"line":194,"column":45}},"194":{"start":{"line":195,"column":0},"end":{"line":195,"column":1}},"196":{"start":{"line":197,"column":0},"end":{"line":197,"column":112}},"197":{"start":{"line":198,"column":0},"end":{"line":198,"column":69}},"198":{"start":{"line":199,"column":0},"end":{"line":199,"column":61}},"199":{"start":{"line":200,"column":0},"end":{"line":200,"column":1}},"201":{"start":{"line":202,"column":0},"end":{"line":202,"column":150}},"202":{"start":{"line":203,"column":0},"end":{"line":203,"column":96}},"203":{"start":{"line":204,"column":0},"end":{"line":204,"column":30}},"204":{"start":{"line":205,"column":0},"end":{"line":205,"column":45}},"205":{"start":{"line":206,"column":0},"end":{"line":206,"column":103}},"206":{"start":{"line":207,"column":0},"end":{"line":207,"column":1}},"208":{"start":{"line":209,"column":0},"end":{"line":209,"column":128}},"209":{"start":{"line":210,"column":0},"end":{"line":210,"column":97}},"210":{"start":{"line":211,"column":0},"end":{"line":211,"column":1}},"212":{"start":{"line":213,"column":0},"end":{"line":213,"column":91}},"213":{"start":{"line":214,"column":0},"end":{"line":214,"column":94}},"214":{"start":{"line":215,"column":0},"end":{"line":215,"column":1}},"216":{"start":{"line":217,"column":0},"end":{"line":217,"column":101}},"217":{"start":{"line":218,"column":0},"end":{"line":218,"column":45}},"218":{"start":{"line":219,"column":0},"end":{"line":219,"column":1}},"220":{"start":{"line":221,"column":0},"end":{"line":221,"column":79}},"221":{"start":{"line":222,"column":0},"end":{"line":222,"column":122}},"222":{"start":{"line":223,"column":0},"end":{"line":223,"column":66}},"223":{"start":{"line":224,"column":0},"end":{"line":224,"column":1}},"225":{"start":{"line":226,"column":0},"end":{"line":226,"column":59}},"226":{"start":{"line":227,"column":0},"end":{"line":227,"column":71}},"227":{"start":{"line":228,"column":0},"end":{"line":228,"column":1}},"229":{"start":{"line":230,"column":0},"end":{"line":230,"column":84}},"230":{"start":{"line":231,"column":0},"end":{"line":231,"column":68}},"231":{"start":{"line":232,"column":0},"end":{"line":232,"column":39}},"232":{"start":{"line":233,"column":0},"end":{"line":233,"column":1}},"234":{"start":{"line":235,"column":0},"end":{"line":235,"column":70}},"235":{"start":{"line":236,"column":0},"end":{"line":236,"column":71}},"236":{"start":{"line":237,"column":0},"end":{"line":237,"column":1}},"238":{"start":{"line":239,"column":0},"end":{"line":239,"column":65}},"239":{"start":{"line":240,"column":0},"end":{"line":240,"column":71}},"240":{"start":{"line":241,"column":0},"end":{"line":241,"column":1}},"242":{"start":{"line":243,"column":0},"end":{"line":243,"column":70}},"243":{"start":{"line":244,"column":0},"end":{"line":244,"column":102}},"244":{"start":{"line":245,"column":0},"end":{"line":245,"column":1}},"246":{"start":{"line":247,"column":0},"end":{"line":247,"column":79}},"247":{"start":{"line":248,"column":0},"end":{"line":248,"column":132}},"248":{"start":{"line":249,"column":0},"end":{"line":249,"column":1}},"250":{"start":{"line":251,"column":0},"end":{"line":251,"column":60}},"251":{"start":{"line":252,"column":0},"end":{"line":252,"column":100}},"252":{"start":{"line":253,"column":0},"end":{"line":253,"column":1}},"254":{"start":{"line":255,"column":0},"end":{"line":255,"column":67}},"255":{"start":{"line":256,"column":0},"end":{"line":256,"column":106}},"256":{"start":{"line":257,"column":0},"end":{"line":257,"column":1}},"258":{"start":{"line":259,"column":0},"end":{"line":259,"column":69}},"259":{"start":{"line":260,"column":0},"end":{"line":260,"column":101}},"260":{"start":{"line":261,"column":0},"end":{"line":261,"column":1}},"262":{"start":{"line":263,"column":0},"end":{"line":263,"column":68}},"263":{"start":{"line":264,"column":0},"end":{"line":264,"column":87}},"264":{"start":{"line":265,"column":0},"end":{"line":265,"column":1}},"266":{"start":{"line":267,"column":0},"end":{"line":267,"column":158}},"267":{"start":{"line":268,"column":0},"end":{"line":268,"column":77}},"268":{"start":{"line":269,"column":0},"end":{"line":269,"column":79}},"269":{"start":{"line":270,"column":0},"end":{"line":270,"column":59}},"270":{"start":{"line":271,"column":0},"end":{"line":271,"column":70}},"271":{"start":{"line":272,"column":0},"end":{"line":272,"column":1}}},"s":{"77":1,"78":1,"79":1,"80":1,"81":1,"82":1,"83":1,"84":1,"85":1,"86":1,"87":1,"88":1,"89":1,"90":1,"91":1,"92":1,"93":1,"94":1,"96":1,"97":96,"98":96,"99":1,"101":1,"109":1,"110":1,"111":1,"112":1,"113":1,"114":1,"116":1,"117":96,"118":96,"119":1,"121":1,"122":6,"123":6,"125":1,"126":0,"127":0,"129":1,"130":6,"131":6,"133":1,"134":0,"135":0,"137":1,"138":1,"139":1,"140":1,"141":1,"142":1,"143":1,"144":1,"145":1,"146":1,"147":1,"148":1,"150":20,"151":20,"152":20,"153":20,"155":19,"156":19,"157":19,"158":18,"159":12,"160":12,"162":1,"163":20,"164":20,"165":19,"166":20,"168":1,"169":12,"170":12,"172":12,"173":456,"174":456,"175":456,"176":13,"177":13,"178":13,"179":13,"180":0,"181":0,"182":456,"184":12,"185":12,"187":1,"188":1,"189":1,"190":1,"191":1,"192":1,"193":1,"194":1,"196":1,"197":0,"198":0,"199":0,"201":1,"202":4,"203":4,"204":4,"205":4,"206":4,"208":1,"209":0,"210":0,"212":1,"213":1,"214":1,"216":1,"217":2,"218":2,"220":1,"221":1,"222":1,"223":1,"225":1,"226":1,"227":1,"229":1,"230":0,"231":0,"232":0,"234":1,"235":0,"236":0,"238":1,"239":1,"240":1,"242":1,"243":1,"244":1,"246":1,"247":0,"248":0,"250":1,"251":0,"252":0,"254":1,"255":0,"256":0,"258":1,"259":0,"260":0,"262":1,"263":0,"264":0,"266":1,"267":0,"268":0,"269":0,"270":0,"271":0},"branchMap":{"0":{"type":"branch","line":97,"loc":{"start":{"line":97,"column":58},"end":{"line":100,"column":3}},"locations":[{"start":{"line":97,"column":58},"end":{"line":100,"column":3}}]},"1":{"type":"branch","line":98,"loc":{"start":{"line":98,"column":41},"end":{"line":98,"column":77}},"locations":[{"start":{"line":98,"column":41},"end":{"line":98,"column":77}}]},"2":{"type":"branch","line":117,"loc":{"start":{"line":117,"column":51},"end":{"line":120,"column":3}},"locations":[{"start":{"line":117,"column":51},"end":{"line":120,"column":3}}]},"3":{"type":"branch","line":118,"loc":{"start":{"line":118,"column":41},"end":{"line":118,"column":70}},"locations":[{"start":{"line":118,"column":41},"end":{"line":118,"column":70}}]},"4":{"type":"branch","line":122,"loc":{"start":{"line":122,"column":7},"end":{"line":124,"column":1}},"locations":[{"start":{"line":122,"column":7},"end":{"line":124,"column":1}}]},"5":{"type":"branch","line":130,"loc":{"start":{"line":130,"column":7},"end":{"line":132,"column":1}},"locations":[{"start":{"line":130,"column":7},"end":{"line":132,"column":1}}]},"6":{"type":"branch","line":131,"loc":{"start":{"line":131,"column":79},"end":{"line":131,"column":92}},"locations":[{"start":{"line":131,"column":79},"end":{"line":131,"column":92}}]},"7":{"type":"branch","line":131,"loc":{"start":{"line":131,"column":36},"end":{"line":131,"column":76}},"locations":[{"start":{"line":131,"column":36},"end":{"line":131,"column":76}}]},"8":{"type":"branch","line":151,"loc":{"start":{"line":151,"column":0},"end":{"line":154,"column":1}},"locations":[{"start":{"line":151,"column":0},"end":{"line":154,"column":1}}]},"9":{"type":"branch","line":152,"loc":{"start":{"line":152,"column":18},"end":{"line":152,"column":30}},"locations":[{"start":{"line":152,"column":18},"end":{"line":152,"column":30}}]},"10":{"type":"branch","line":156,"loc":{"start":{"line":156,"column":0},"end":{"line":161,"column":1}},"locations":[{"start":{"line":156,"column":0},"end":{"line":161,"column":1}}]},"11":{"type":"branch","line":158,"loc":{"start":{"line":158,"column":13},"end":{"line":159,"column":67}},"locations":[{"start":{"line":158,"column":13},"end":{"line":159,"column":67}}]},"12":{"type":"branch","line":158,"loc":{"start":{"line":158,"column":13},"end":{"line":158,"column":25}},"locations":[{"start":{"line":158,"column":13},"end":{"line":158,"column":25}}]},"13":{"type":"branch","line":159,"loc":{"start":{"line":159,"column":29},"end":{"line":159,"column":67}},"locations":[{"start":{"line":159,"column":29},"end":{"line":159,"column":67}}]},"14":{"type":"branch","line":159,"loc":{"start":{"line":159,"column":65},"end":{"line":161,"column":1}},"locations":[{"start":{"line":159,"column":65},"end":{"line":161,"column":1}}]},"15":{"type":"branch","line":163,"loc":{"start":{"line":163,"column":7},"end":{"line":167,"column":1}},"locations":[{"start":{"line":163,"column":7},"end":{"line":167,"column":1}}]},"16":{"type":"branch","line":165,"loc":{"start":{"line":165,"column":43},"end":{"line":166,"column":51}},"locations":[{"start":{"line":165,"column":43},"end":{"line":166,"column":51}}]},"17":{"type":"branch","line":169,"loc":{"start":{"line":169,"column":7},"end":{"line":186,"column":1}},"locations":[{"start":{"line":169,"column":7},"end":{"line":186,"column":1}}]},"18":{"type":"branch","line":173,"loc":{"start":{"line":173,"column":72},"end":{"line":183,"column":3}},"locations":[{"start":{"line":173,"column":72},"end":{"line":183,"column":3}}]},"19":{"type":"branch","line":174,"loc":{"start":{"line":174,"column":29},"end":{"line":174,"column":38}},"locations":[{"start":{"line":174,"column":29},"end":{"line":174,"column":38}}]},"20":{"type":"branch","line":176,"loc":{"start":{"line":176,"column":23},"end":{"line":182,"column":5}},"locations":[{"start":{"line":176,"column":23},"end":{"line":182,"column":5}}]},"21":{"type":"branch","line":180,"loc":{"start":{"line":180,"column":6},"end":{"line":182,"column":5}},"locations":[{"start":{"line":180,"column":6},"end":{"line":182,"column":5}}]},"22":{"type":"branch","line":185,"loc":{"start":{"line":185,"column":87},"end":{"line":185,"column":97}},"locations":[{"start":{"line":185,"column":87},"end":{"line":185,"column":97}}]},"23":{"type":"branch","line":185,"loc":{"start":{"line":185,"column":22},"end":{"line":185,"column":84}},"locations":[{"start":{"line":185,"column":22},"end":{"line":185,"column":84}}]},"24":{"type":"branch","line":185,"loc":{"start":{"line":185,"column":44},"end":{"line":185,"column":84}},"locations":[{"start":{"line":185,"column":44},"end":{"line":185,"column":84}}]},"25":{"type":"branch","line":188,"loc":{"start":{"line":188,"column":7},"end":{"line":195,"column":1}},"locations":[{"start":{"line":188,"column":7},"end":{"line":195,"column":1}}]},"26":{"type":"branch","line":189,"loc":{"start":{"line":189,"column":61},"end":{"line":189,"column":96}},"locations":[{"start":{"line":189,"column":61},"end":{"line":189,"column":96}}]},"27":{"type":"branch","line":190,"loc":{"start":{"line":190,"column":17},"end":{"line":190,"column":27}},"locations":[{"start":{"line":190,"column":17},"end":{"line":190,"column":27}}]},"28":{"type":"branch","line":193,"loc":{"start":{"line":193,"column":70},"end":{"line":193,"column":85}},"locations":[{"start":{"line":193,"column":70},"end":{"line":193,"column":85}}]},"29":{"type":"branch","line":202,"loc":{"start":{"line":202,"column":7},"end":{"line":207,"column":1}},"locations":[{"start":{"line":202,"column":7},"end":{"line":207,"column":1}}]},"30":{"type":"branch","line":203,"loc":{"start":{"line":203,"column":61},"end":{"line":203,"column":96}},"locations":[{"start":{"line":203,"column":61},"end":{"line":203,"column":96}}]},"31":{"type":"branch","line":204,"loc":{"start":{"line":204,"column":17},"end":{"line":204,"column":30}},"locations":[{"start":{"line":204,"column":17},"end":{"line":204,"column":30}}]},"32":{"type":"branch","line":205,"loc":{"start":{"line":205,"column":17},"end":{"line":205,"column":45}},"locations":[{"start":{"line":205,"column":17},"end":{"line":205,"column":45}}]},"33":{"type":"branch","line":213,"loc":{"start":{"line":213,"column":7},"end":{"line":215,"column":1}},"locations":[{"start":{"line":213,"column":7},"end":{"line":215,"column":1}}]},"34":{"type":"branch","line":214,"loc":{"start":{"line":214,"column":62},"end":{"line":214,"column":94}},"locations":[{"start":{"line":214,"column":62},"end":{"line":214,"column":94}}]},"35":{"type":"branch","line":217,"loc":{"start":{"line":217,"column":7},"end":{"line":219,"column":1}},"locations":[{"start":{"line":217,"column":7},"end":{"line":219,"column":1}}]},"36":{"type":"branch","line":221,"loc":{"start":{"line":221,"column":7},"end":{"line":224,"column":1}},"locations":[{"start":{"line":221,"column":7},"end":{"line":224,"column":1}}]},"37":{"type":"branch","line":222,"loc":{"start":{"line":222,"column":39},"end":{"line":222,"column":122}},"locations":[{"start":{"line":222,"column":39},"end":{"line":222,"column":122}}]},"38":{"type":"branch","line":223,"loc":{"start":{"line":223,"column":41},"end":{"line":223,"column":63}},"locations":[{"start":{"line":223,"column":41},"end":{"line":223,"column":63}}]},"39":{"type":"branch","line":226,"loc":{"start":{"line":226,"column":7},"end":{"line":228,"column":1}},"locations":[{"start":{"line":226,"column":7},"end":{"line":228,"column":1}}]},"40":{"type":"branch","line":227,"loc":{"start":{"line":227,"column":38},"end":{"line":227,"column":68}},"locations":[{"start":{"line":227,"column":38},"end":{"line":227,"column":68}}]},"41":{"type":"branch","line":239,"loc":{"start":{"line":239,"column":7},"end":{"line":241,"column":1}},"locations":[{"start":{"line":239,"column":7},"end":{"line":241,"column":1}}]},"42":{"type":"branch","line":240,"loc":{"start":{"line":240,"column":43},"end":{"line":240,"column":67}},"locations":[{"start":{"line":240,"column":43},"end":{"line":240,"column":67}}]},"43":{"type":"branch","line":243,"loc":{"start":{"line":243,"column":7},"end":{"line":245,"column":1}},"locations":[{"start":{"line":243,"column":7},"end":{"line":245,"column":1}}]},"44":{"type":"branch","line":244,"loc":{"start":{"line":244,"column":49},"end":{"line":244,"column":99}},"locations":[{"start":{"line":244,"column":49},"end":{"line":244,"column":99}}]}},"b":{"0":[96],"1":[228],"2":[96],"3":[228],"4":[6],"5":[6],"6":[0],"7":[75],"8":[20],"9":[0],"10":[19],"11":[18],"12":[1],"13":[6],"14":[12],"15":[20],"16":[19],"17":[12],"18":[456],"19":[0],"20":[13],"21":[0],"22":[1],"23":[2],"24":[0],"25":[1],"26":[0],"27":[0],"28":[0],"29":[4],"30":[0],"31":[0],"32":[3],"33":[1],"34":[0],"35":[2],"36":[1],"37":[0],"38":[0],"39":[1],"40":[0],"41":[1],"42":[0],"43":[1],"44":[0]},"fnMap":{"0":{"name":"getTextCommandKind","decl":{"start":{"line":122,"column":7},"end":{"line":124,"column":1}},"loc":{"start":{"line":122,"column":7},"end":{"line":124,"column":1}},"line":122},"1":{"name":"isTextCommandKind","decl":{"start":{"line":126,"column":7},"end":{"line":128,"column":1}},"loc":{"start":{"line":126,"column":7},"end":{"line":128,"column":1}},"line":126},"2":{"name":"tokensForTextCommandKind","decl":{"start":{"line":130,"column":7},"end":{"line":132,"column":1}},"loc":{"start":{"line":130,"column":7},"end":{"line":132,"column":1}},"line":130},"3":{"name":"primaryTokenForTextCommandKind","decl":{"start":{"line":134,"column":7},"end":{"line":136,"column":1}},"loc":{"start":{"line":134,"column":7},"end":{"line":136,"column":1}},"line":134},"4":{"name":"isCommandBoundaryBefore","decl":{"start":{"line":151,"column":0},"end":{"line":154,"column":1}},"loc":{"start":{"line":151,"column":0},"end":{"line":154,"column":1}},"line":151},"5":{"name":"isCommandBoundaryAfter","decl":{"start":{"line":156,"column":0},"end":{"line":161,"column":1}},"loc":{"start":{"line":156,"column":0},"end":{"line":161,"column":1}},"line":156},"6":{"name":"isTextCommandAt","decl":{"start":{"line":163,"column":7},"end":{"line":167,"column":1}},"loc":{"start":{"line":163,"column":7},"end":{"line":167,"column":1}},"line":163},"7":{"name":"findFirstTextCommand","decl":{"start":{"line":169,"column":7},"end":{"line":186,"column":1}},"loc":{"start":{"line":169,"column":7},"end":{"line":186,"column":1}},"line":169},"8":{"name":"getTextCommandArgument","decl":{"start":{"line":188,"column":7},"end":{"line":195,"column":1}},"loc":{"start":{"line":188,"column":7},"end":{"line":195,"column":1}},"line":188},"9":{"name":"getTextCommandRangeLength","decl":{"start":{"line":197,"column":7},"end":{"line":200,"column":1}},"loc":{"start":{"line":197,"column":7},"end":{"line":200,"column":1}},"line":197},"10":{"name":"replaceCommandMarker","decl":{"start":{"line":202,"column":7},"end":{"line":207,"column":1}},"loc":{"start":{"line":202,"column":7},"end":{"line":207,"column":1}},"line":202},"11":{"name":"removeCommandMarker","decl":{"start":{"line":209,"column":7},"end":{"line":211,"column":1}},"loc":{"start":{"line":209,"column":7},"end":{"line":211,"column":1}},"line":209},"12":{"name":"formatCaseReferenceText","decl":{"start":{"line":213,"column":7},"end":{"line":215,"column":1}},"loc":{"start":{"line":213,"column":7},"end":{"line":215,"column":1}},"line":213},"13":{"name":"formatLegalNormText","decl":{"start":{"line":217,"column":7},"end":{"line":219,"column":1}},"loc":{"start":{"line":217,"column":7},"end":{"line":219,"column":1}},"line":217},"14":{"name":"formatRiskText","decl":{"start":{"line":221,"column":7},"end":{"line":224,"column":1}},"loc":{"start":{"line":221,"column":7},"end":{"line":224,"column":1}},"line":221},"15":{"name":"formatOpenTaskText","decl":{"start":{"line":226,"column":7},"end":{"line":228,"column":1}},"loc":{"start":{"line":226,"column":7},"end":{"line":228,"column":1}},"line":226},"16":{"name":"formatConfidentialityText","decl":{"start":{"line":230,"column":7},"end":{"line":233,"column":1}},"loc":{"start":{"line":230,"column":7},"end":{"line":233,"column":1}},"line":230},"17":{"name":"formatAnonymizationMarkerText","decl":{"start":{"line":235,"column":7},"end":{"line":237,"column":1}},"loc":{"start":{"line":235,"column":7},"end":{"line":237,"column":1}},"line":235},"18":{"name":"formatTemplateMarkerText","decl":{"start":{"line":239,"column":7},"end":{"line":241,"column":1}},"loc":{"start":{"line":239,"column":7},"end":{"line":241,"column":1}},"line":239},"19":{"name":"formatParticipationMarkerText","decl":{"start":{"line":243,"column":7},"end":{"line":245,"column":1}},"loc":{"start":{"line":243,"column":7},"end":{"line":245,"column":1}},"line":243},"20":{"name":"formatWorkplaceAccommodationMarkerText","decl":{"start":{"line":247,"column":7},"end":{"line":249,"column":1}},"loc":{"start":{"line":247,"column":7},"end":{"line":249,"column":1}},"line":247},"21":{"name":"formatBemMarkerText","decl":{"start":{"line":251,"column":7},"end":{"line":253,"column":1}},"loc":{"start":{"line":251,"column":7},"end":{"line":253,"column":1}},"line":251},"22":{"name":"formatPreventionMarkerText","decl":{"start":{"line":255,"column":7},"end":{"line":257,"column":1}},"loc":{"start":{"line":255,"column":7},"end":{"line":257,"column":1}},"line":255},"23":{"name":"formatEqualizationMarkerText","decl":{"start":{"line":259,"column":7},"end":{"line":261,"column":1}},"loc":{"start":{"line":259,"column":7},"end":{"line":261,"column":1}},"line":259},"24":{"name":"formatTerminationMarkerText","decl":{"start":{"line":263,"column":7},"end":{"line":265,"column":1}},"loc":{"start":{"line":263,"column":7},"end":{"line":265,"column":1}},"line":263},"25":{"name":"formatContactReferenceText","decl":{"start":{"line":267,"column":7},"end":{"line":272,"column":1}},"loc":{"start":{"line":267,"column":7},"end":{"line":272,"column":1}},"line":267}},"f":{"0":6,"1":0,"2":6,"3":0,"4":20,"5":19,"6":20,"7":12,"8":1,"9":0,"10":4,"11":0,"12":1,"13":2,"14":1,"15":1,"16":0,"17":0,"18":1,"19":1,"20":0,"21":0,"22":0,"23":0,"24":0,"25":0}}
}
